-----------------------------------------------------------------------------

Input images    : Field_Img/215_STRIPE82-0073_U.fits,Field_Img/215_STRIPE82-0073_F378.fits,Field_Img/215_STRIPE82-0073_F395.fits,Field_Img/215_STRIPE82-0073_F410.fits,Field_Img/215_STRIPE82-0073_F430.fits,Field_Img/215_STRIPE82-0073_G.fits,Field_Img/215_STRIPE82-0073_F515.fits,Field_Img/215_STRIPE82-0073_R.fits,Field_Img/215_STRIPE82-0073_F660.fits,Field_Img/215_STRIPE82-0073_I.fits,Field_Img/215_STRIPE82-0073_F861.fits,Field_Img/215_STRIPE82-0073_Z.fits [152:317,56:457] 
Init. par. file : inputs/galfit_215_STRIPE82-0073.input 
Restart file    : 215_STRIPE82-0073.galfit.01 
Output image    : 215_STRIPE82-0073.fits 

 u  : sersic    : (   [0.00],   [0.00])  [0.00]    [0.00]  [0.00]  [1.00]   [0.00]
                  (   [-nan],   [-nan])  [-nan]    [-nan]  [-nan]  [-nan]   [-nan]
 J0378: sersic    : (   [0.00],   [0.00])  [0.00]    [0.00]  [0.00]  [1.00]   [0.00]
                  (   [-nan],   [-nan])  [-nan]    [-nan]  [-nan]  [-nan]   [-nan]
 J0395: sersic    : (   [0.00],   [0.00])  [0.00]    [0.00]  [0.00]  [1.00]   [0.00]
                  (   [-nan],   [-nan])  [-nan]    [-nan]  [-nan]  [-nan]   [-nan]
 J0410: sersic    : (   [0.00],   [0.00])  [0.00]    [0.00]  [0.00]  [1.00]   [0.00]
                  (   [-nan],   [-nan])  [-nan]    [-nan]  [-nan]  [-nan]   [-nan]
 J0430: sersic    : (   [0.00],   [0.00])  [0.00]    [0.00]  [0.00]  [1.00]   [0.00]
                  (   [-nan],   [-nan])  [-nan]    [-nan]  [-nan]  [-nan]   [-nan]
 g  : sersic    : (   [0.00],   [0.00])  [0.00]    [0.00]  [0.00]  [1.00]   [0.00]
                  (   [-nan],   [-nan])  [-nan]    [-nan]  [-nan]  [-nan]   [-nan]
 J0515: sersic    : (   [0.00],   [0.00])  [0.00]    [0.00]  [0.00]  [1.00]   [0.00]
                  (   [-nan],   [-nan])  [-nan]    [-nan]  [-nan]  [-nan]   [-nan]
 r  : sersic    : (   [0.00],   [0.00])  [0.00]    [0.00]  [0.00]  [1.00]   [0.00]
                  (   [-nan],   [-nan])  [-nan]    [-nan]  [-nan]  [-nan]   [-nan]
 J0660: sersic    : (   [0.00],   [0.00])  [0.00]    [0.00]  [0.00]  [1.00]   [0.00]
                  (   [-nan],   [-nan])  [-nan]    [-nan]  [-nan]  [-nan]   [-nan]
 i  : sersic    : (   [0.00],   [0.00])  [0.00]    [0.00]  [0.00]  [1.00]   [0.00]
                  (   [-nan],   [-nan])  [-nan]    [-nan]  [-nan]  [-nan]   [-nan]
 J0861: sersic    : (   [0.00],   [0.00])  [0.00]    [0.00]  [0.00]  [1.00]   [0.00]
                  (   [-nan],   [-nan])  [-nan]    [-nan]  [-nan]  [-nan]   [-nan]
 z  : sersic    : (   [0.00],   [0.00])  [0.00]    [0.00]  [0.00]  [1.00]   [0.00]
                  (   [-nan],   [-nan])  [-nan]    [-nan]  [-nan]  [-nan]   [-nan]
 u  : sersic    : (   [0.00],   [0.00])  [0.00]    [0.00]  [0.00]  [1.00]   [0.00]
                  (   [-nan],   [-nan])  [-nan]    [-nan]  [-nan]  [-nan]   [-nan]
 J0378: sersic    : (   [0.00],   [0.00])  [0.00]    [0.00]  [0.00]  [1.00]   [0.00]
                  (   [-nan],   [-nan])  [-nan]    [-nan]  [-nan]  [-nan]   [-nan]
 J0395: sersic    : (   [0.00],   [0.00])  [0.00]    [0.00]  [0.00]  [1.00]   [0.00]
                  (   [-nan],   [-nan])  [-nan]    [-nan]  [-nan]  [-nan]   [-nan]
 J0410: sersic    : (   [0.00],   [0.00])  [0.00]    [0.00]  [0.00]  [1.00]   [0.00]
                  (   [-nan],   [-nan])  [-nan]    [-nan]  [-nan]  [-nan]   [-nan]
 J0430: sersic    : (   [0.00],   [0.00])  [0.00]    [0.00]  [0.00]  [1.00]   [0.00]
                  (   [-nan],   [-nan])  [-nan]    [-nan]  [-nan]  [-nan]   [-nan]
 g  : sersic    : (   [0.00],   [0.00])  [0.00]    [0.00]  [0.00]  [1.00]   [0.00]
                  (   [-nan],   [-nan])  [-nan]    [-nan]  [-nan]  [-nan]   [-nan]
 J0515: sersic    : (   [0.00],   [0.00])  [0.00]    [0.00]  [0.00]  [1.00]   [0.00]
                  (   [-nan],   [-nan])  [-nan]    [-nan]  [-nan]  [-nan]   [-nan]
 r  : sersic    : (   [0.00],   [0.00])  [0.00]    [0.00]  [0.00]  [1.00]   [0.00]
                  (   [-nan],   [-nan])  [-nan]    [-nan]  [-nan]  [-nan]   [-nan]
 J0660: sersic    : (   [0.00],   [0.00])  [0.00]    [0.00]  [0.00]  [1.00]   [0.00]
                  (   [-nan],   [-nan])  [-nan]    [-nan]  [-nan]  [-nan]   [-nan]
 i  : sersic    : (   [0.00],   [0.00])  [0.00]    [0.00]  [0.00]  [1.00]   [0.00]
                  (   [-nan],   [-nan])  [-nan]    [-nan]  [-nan]  [-nan]   [-nan]
 J0861: sersic    : (   [0.00],   [0.00])  [0.00]    [0.00]  [0.00]  [1.00]   [0.00]
                  (   [-nan],   [-nan])  [-nan]    [-nan]  [-nan]  [-nan]   [-nan]
 z  : sersic    : (   [0.00],   [0.00])  [0.00]    [0.00]  [0.00]  [1.00]   [0.00]
                  (   [-nan],   [-nan])  [-nan]    [-nan]  [-nan]  [-nan]   [-nan]
 u  : sersic    : (   [0.00],   [0.00])  [0.00]    [0.00]  [0.00]  [1.00]   [0.00]
                  (   [-nan],   [-nan])  [-nan]    [-nan]  [-nan]  [-nan]   [-nan]
 J0378: sersic    : (   [0.00],   [0.00])  [0.00]    [0.00]  [0.00]  [1.00]   [0.00]
                  (   [-nan],   [-nan])  [-nan]    [-nan]  [-nan]  [-nan]   [-nan]
 J0395: sersic    : (   [0.00],   [0.00])  [0.00]    [0.00]  [0.00]  [1.00]   [0.00]
                  (   [-nan],   [-nan])  [-nan]    [-nan]  [-nan]  [-nan]   [-nan]
 J0410: sersic    : (   [0.00],   [0.00])  [0.00]    [0.00]  [0.00]  [1.00]   [0.00]
                  (   [-nan],   [-nan])  [-nan]    [-nan]  [-nan]  [-nan]   [-nan]
 J0430: sersic    : (   [0.00],   [0.00])  [0.00]    [0.00]  [0.00]  [1.00]   [0.00]
                  (   [-nan],   [-nan])  [-nan]    [-nan]  [-nan]  [-nan]   [-nan]
 g  : sersic    : (   [0.00],   [0.00])  [0.00]    [0.00]  [0.00]  [1.00]   [0.00]
                  (   [-nan],   [-nan])  [-nan]    [-nan]  [-nan]  [-nan]   [-nan]
 J0515: sersic    : (   [0.00],   [0.00])  [0.00]    [0.00]  [0.00]  [1.00]   [0.00]
                  (   [-nan],   [-nan])  [-nan]    [-nan]  [-nan]  [-nan]   [-nan]
 r  : sersic    : (   [0.00],   [0.00])  [0.00]    [0.00]  [0.00]  [1.00]   [0.00]
                  (   [-nan],   [-nan])  [-nan]    [-nan]  [-nan]  [-nan]   [-nan]
 J0660: sersic    : (   [0.00],   [0.00])  [0.00]    [0.00]  [0.00]  [1.00]   [0.00]
                  (   [-nan],   [-nan])  [-nan]    [-nan]  [-nan]  [-nan]   [-nan]
 i  : sersic    : (   [0.00],   [0.00])  [0.00]    [0.00]  [0.00]  [1.00]   [0.00]
                  (   [-nan],   [-nan])  [-nan]    [-nan]  [-nan]  [-nan]   [-nan]
 J0861: sersic    : (   [0.00],   [0.00])  [0.00]    [0.00]  [0.00]  [1.00]   [0.00]
                  (   [-nan],   [-nan])  [-nan]    [-nan]  [-nan]  [-nan]   [-nan]
 z  : sersic    : (   [0.00],   [0.00])  [0.00]    [0.00]  [0.00]  [1.00]   [0.00]
                  (   [-nan],   [-nan])  [-nan]    [-nan]  [-nan]  [-nan]   [-nan]
 u  : sersic    : (   [0.00],   [0.00])  [0.00]    [0.00]  [0.00]  [1.00]   [0.00]
                  (   [-nan],   [-nan])  [-nan]    [-nan]  [-nan]  [-nan]   [-nan]
 J0378: sersic    : (   [0.00],   [0.00])  [0.00]    [0.00]  [0.00]  [1.00]   [0.00]
                  (   [-nan],   [-nan])  [-nan]    [-nan]  [-nan]  [-nan]   [-nan]
 J0395: sersic    : (   [0.00],   [0.00])  [0.00]    [0.00]  [0.00]  [1.00]   [0.00]
                  (   [-nan],   [-nan])  [-nan]    [-nan]  [-nan]  [-nan]   [-nan]
 J0410: sersic    : (   [0.00],   [0.00])  [0.00]    [0.00]  [0.00]  [1.00]   [0.00]
                  (   [-nan],   [-nan])  [-nan]    [-nan]  [-nan]  [-nan]   [-nan]
 J0430: sersic    : (   [0.00],   [0.00])  [0.00]    [0.00]  [0.00]  [1.00]   [0.00]
                  (   [-nan],   [-nan])  [-nan]    [-nan]  [-nan]  [-nan]   [-nan]
 g  : sersic    : (   [0.00],   [0.00])  [0.00]    [0.00]  [0.00]  [1.00]   [0.00]
                  (   [-nan],   [-nan])  [-nan]    [-nan]  [-nan]  [-nan]   [-nan]
 J0515: sersic    : (   [0.00],   [0.00])  [0.00]    [0.00]  [0.00]  [1.00]   [0.00]
                  (   [-nan],   [-nan])  [-nan]    [-nan]  [-nan]  [-nan]   [-nan]
 r  : sersic    : (   [0.00],   [0.00])  [0.00]    [0.00]  [0.00]  [1.00]   [0.00]
                  (   [-nan],   [-nan])  [-nan]    [-nan]  [-nan]  [-nan]   [-nan]
 J0660: sersic    : (   [0.00],   [0.00])  [0.00]    [0.00]  [0.00]  [1.00]   [0.00]
                  (   [-nan],   [-nan])  [-nan]    [-nan]  [-nan]  [-nan]   [-nan]
 i  : sersic    : (   [0.00],   [0.00])  [0.00]    [0.00]  [0.00]  [1.00]   [0.00]
                  (   [-nan],   [-nan])  [-nan]    [-nan]  [-nan]  [-nan]   [-nan]
 J0861: sersic    : (   [0.00],   [0.00])  [0.00]    [0.00]  [0.00]  [1.00]   [0.00]
                  (   [-nan],   [-nan])  [-nan]    [-nan]  [-nan]  [-nan]   [-nan]
 z  : sersic    : (   [0.00],   [0.00])  [0.00]    [0.00]  [0.00]  [1.00]   [0.00]
                  (   [-nan],   [-nan])  [-nan]    [-nan]  [-nan]  [-nan]   [-nan]
 u  : sersic    : (  182.31,   320.35)   17.87      6.15    0.66    0.82    -7.85
                  (    -nan,     -nan)    -nan      -nan    -nan    -nan     -nan
 J0378: sersic    : (  182.31,   320.35)   17.49      6.15    0.66    0.82    -7.85
                  (    -nan,     -nan)    -nan      -nan    -nan    -nan     -nan
 J0395: sersic    : (  182.31,   320.35)   17.71      6.15    0.66    0.82    -7.85
                  (    -nan,     -nan)    -nan      -nan    -nan    -nan     -nan
 J0410: sersic    : (  182.31,   320.35)   17.21      6.15    0.66    0.82    -7.85
                  (    -nan,     -nan)    -nan      -nan    -nan    -nan     -nan
 J0430: sersic    : (  182.31,   320.35)   16.72      6.15    0.66    0.82    -7.85
                  (    -nan,     -nan)    -nan      -nan    -nan    -nan     -nan
 g  : sersic    : (  182.31,   320.35)   16.20      6.15    0.66    0.82    -7.85
                  (    -nan,     -nan)    -nan      -nan    -nan    -nan     -nan
 J0515: sersic    : (  182.31,   320.35)   15.85      6.15    0.66    0.82    -7.85
                  (    -nan,     -nan)    -nan      -nan    -nan    -nan     -nan
 r  : sersic    : (  182.31,   320.35)   15.85      6.15    0.66    0.82    -7.85
                  (    -nan,     -nan)    -nan      -nan    -nan    -nan     -nan
 J0660: sersic    : (  182.31,   320.35)   15.12      6.15    0.66    0.82    -7.85
                  (    -nan,     -nan)    -nan      -nan    -nan    -nan     -nan
 i  : sersic    : (  182.31,   320.35)   14.77      6.15    0.66    0.82    -7.85
                  (    -nan,     -nan)    -nan      -nan    -nan    -nan     -nan
 J0861: sersic    : (  182.31,   320.35)   14.49      6.15    0.66    0.82    -7.85
                  (    -nan,     -nan)    -nan      -nan    -nan    -nan     -nan
 z  : sersic    : (  182.31,   320.35)   14.42      6.15    0.66    0.82    -7.85
                  (    -nan,     -nan)    -nan      -nan    -nan    -nan     -nan
 u  : sky       : [234.50, 256.50]  1.38e-03  [0.00e+00]  [0.00e+00]
                                  -nan  [-nan]  [-nan]
 J0378: sky       : [234.50, 256.50]  7.96e-04  [0.00e+00]  [0.00e+00]
                                  -nan  [-nan]  [-nan]
 J0395: sky       : [234.50, 256.50]  2.26e-03  [0.00e+00]  [0.00e+00]
                                  -nan  [-nan]  [-nan]
 J0410: sky       : [234.50, 256.50]  3.53e-03  [0.00e+00]  [0.00e+00]
                                  -nan  [-nan]  [-nan]
 J0430: sky       : [234.50, 256.50]  6.50e-03  [0.00e+00]  [0.00e+00]
                                  -nan  [-nan]  [-nan]
 g  : sky       : [234.50, 256.50]  2.18e-02  [0.00e+00]  [0.00e+00]
                                  -nan  [-nan]  [-nan]
 J0515: sky       : [234.50, 256.50]  8.49e-03  [0.00e+00]  [0.00e+00]
                                  -nan  [-nan]  [-nan]
 r  : sky       : [234.50, 256.50]  2.83e-02  [0.00e+00]  [0.00e+00]
                                  -nan  [-nan]  [-nan]
 J0660: sky       : [234.50, 256.50]  6.19e-03  [0.00e+00]  [0.00e+00]
                                  -nan  [-nan]  [-nan]
 i  : sky       : [234.50, 256.50]  2.68e-02  [0.00e+00]  [0.00e+00]
                                  -nan  [-nan]  [-nan]
 J0861: sky       : [234.50, 256.50]  6.95e-03  [0.00e+00]  [0.00e+00]
                                  -nan  [-nan]  [-nan]
 z  : sky       : [234.50, 256.50]  -9.23e-03  [0.00e+00]  [0.00e+00]
                                  -nan  [-nan]  [-nan]
 Chi^2 = -nan,  ndof = 787287
 Chi^2/nu = -nan 

-----------------------------------------------------------------------------
-----------------------------------------------------------------------------

Input images    : Field_Img/215_STRIPE82-0073_U.fits,Field_Img/215_STRIPE82-0073_F378.fits,Field_Img/215_STRIPE82-0073_F395.fits,Field_Img/215_STRIPE82-0073_F410.fits,Field_Img/215_STRIPE82-0073_F430.fits,Field_Img/215_STRIPE82-0073_G.fits,Field_Img/215_STRIPE82-0073_F515.fits,Field_Img/215_STRIPE82-0073_R.fits,Field_Img/215_STRIPE82-0073_F660.fits,Field_Img/215_STRIPE82-0073_I.fits,Field_Img/215_STRIPE82-0073_F861.fits,Field_Img/215_STRIPE82-0073_Z.fits [152:317,56:457] 
Init. par. file : inputs/galfit_215_STRIPE82-0073.input 
Restart file    : galfitm_215_STRIPE82-0073.galfit.01 
Output image    : galfitm_215_STRIPE82-0073.fits 

 u  : sersic    : (  260.34,    86.38) *135.12*     4.68    0.64    0.65    59.04
                  (    0.00,     0.00)   *0.00*     0.00    0.00    0.00     0.00
 J0378: sersic    : (  260.34,    86.38)   -0.60      4.68    0.66    0.65    59.04
                  (    0.00,     0.00)    0.00      0.00    0.00    0.00     0.00
 J0395: sersic    : (  260.34,    86.38)   24.57      4.67    0.68    0.65    59.04
                  (    0.00,     0.00)    0.00      0.00    0.00    0.00     0.00
 J0410: sersic    : (  260.34,    86.38)  *36.46*     4.67    0.70    0.65    59.04
                  (    0.00,     0.00)   *0.00*     0.00    0.00    0.00     0.00
 J0430: sersic    : (  260.34,    86.38)   28.41      4.66    0.72    0.65    59.04
                  (    0.00,     0.00)    0.00      0.00    0.00    0.00     0.00
 g  : sersic    : (  260.34,    86.38)   14.27      4.65    0.78    0.65    59.04
                  (    0.00,     0.00)    0.00      0.00    0.00    0.00     0.00
 J0515: sersic    : (  260.34,    86.38)   29.41      4.64    0.82    0.65    59.04
                  (    0.00,     0.00)    0.00      0.00    0.00    0.00     0.00
 r  : sersic    : (  260.34,    86.38)   14.75      4.62    0.95    0.65    59.04
                  (    0.00,     0.00)    0.00      0.00    0.00    0.00     0.00
 J0660: sersic    : (  260.34,    86.38)   25.27      4.61    0.99    0.65    59.04
                  (    0.00,     0.00)    0.00      0.00    0.00    0.00     0.00
 i  : sersic    : (  260.34,    86.38)    9.12      4.58    1.12    0.65    59.04
                  (    0.00,     0.00)    0.00      0.00    0.00    0.00     0.00
 J0861: sersic    : (  260.34,    86.38)   18.15      4.56    1.22    0.65    59.04
                  (    0.00,     0.00)    0.00      0.00    0.00    0.00     0.00
 z  : sersic    : (  260.34,    86.38)   15.44      4.56    1.25    0.65    59.04
                  (    0.00,     0.00)    0.00      0.00    0.00    0.00     0.00
 u  : sersic    : (  246.14,   203.92) *135.63*     4.28    0.50    0.67   -62.78
                  (    0.00,     0.00)   *0.00*     0.00    0.00    0.00     0.00
 J0378: sersic    : (  246.14,   203.92)   -0.33      4.31    0.53    0.67   -62.78
                  (    0.00,     0.00)    0.00      0.00    0.00    0.00     0.00
 J0395: sersic    : (  246.14,   203.92)   25.27      4.33    0.56    0.67   -62.78
                  (    0.00,     0.00)    0.00      0.00    0.00    0.00     0.00
 J0410: sersic    : (  246.14,   203.92)  *36.67*     4.35    0.58    0.67   -62.78
                  (    0.00,     0.00)   *0.00*     0.00    0.00    0.00     0.00
 J0430: sersic    : (  246.14,   203.92)   28.69      4.38    0.61    0.67   -62.78
                  (    0.00,     0.00)    0.00      0.00    0.00    0.00     0.00
 g  : sersic    : (  246.14,   203.92)   14.27      4.43    0.68    0.67   -62.78
                  (    0.00,     0.00)    0.00      0.00    0.00    0.00     0.00
 J0515: sersic    : (  246.14,   203.92)   29.15      4.48    0.74    0.67   -62.78
                  (    0.00,     0.00)    0.00      0.00    0.00    0.00     0.00
 r  : sersic    : (  246.14,   203.92)   15.49      4.62    0.90    0.67   -62.78
                  (    0.00,     0.00)    0.00      0.00    0.00    0.00     0.00
 J0660: sersic    : (  246.14,   203.92)   25.13      4.66    0.96    0.67   -62.78
                  (    0.00,     0.00)    0.00      0.00    0.00    0.00     0.00
 i  : sersic    : (  246.14,   203.92)   14.84      4.80    1.12    0.67   -62.78
                  (    0.00,     0.00)    0.00      0.00    0.00    0.00     0.00
 J0861: sersic    : (  246.14,   203.92)   15.31      4.91    1.25    0.67   -62.78
                  (    0.00,     0.00)    0.00      0.00    0.00    0.00     0.00
 z  : sersic    : (  246.14,   203.92)   15.24      4.94    1.29    0.67   -62.78
                  (    0.00,     0.00)    0.00      0.00    0.00    0.00     0.00
 u  : sersic    : (  273.26,   212.09) *134.52*     9.74    0.31    0.64   -14.93
                  (    0.00,     0.00)   *0.00*     0.00    0.00    0.00     0.00
 J0378: sersic    : (  273.26,   212.09)   -0.12      9.78    0.34    0.64   -14.93
                  (    0.00,     0.00)    0.00      0.00    0.00    0.00     0.00
 J0395: sersic    : (  273.26,   212.09)   25.32      9.80    0.36    0.64   -14.93
                  (    0.00,     0.00)    0.00      0.00    0.00    0.00     0.00
 J0410: sersic    : (  273.26,   212.09)  *37.02*     9.82    0.38    0.64   -14.93
                  (    0.00,     0.00)   *0.00*     0.00    0.00    0.00     0.00
 J0430: sersic    : (  273.26,   212.09)   29.10      9.85    0.40    0.64   -14.93
                  (    0.00,     0.00)    0.00      0.00    0.00    0.00     0.00
 g  : sersic    : (  273.26,   212.09)   14.49      9.92    0.45    0.64   -14.93
                  (    0.00,     0.00)    0.00      0.00    0.00    0.00     0.00
 J0515: sersic    : (  273.26,   212.09)   29.68      9.97    0.50    0.64   -14.93
                  (    0.00,     0.00)    0.00      0.00    0.00    0.00     0.00
 r  : sersic    : (  273.26,   212.09)   14.99     10.14    0.63    0.64   -14.93
                  (    0.00,     0.00)    0.00      0.00    0.00    0.00     0.00
 J0660: sersic    : (  273.26,   212.09)   24.75     10.19    0.68    0.64   -14.93
                  (    0.00,     0.00)    0.00      0.00    0.00    0.00     0.00
 i  : sersic    : (  273.26,   212.09)   20.16     10.34    0.81    0.64   -14.93
                  (    0.00,     0.00)    0.00      0.00    0.00    0.00     0.00
 J0861: sersic    : (  273.26,   212.09)   21.04     10.47    0.92    0.64   -14.93
                  (    0.00,     0.00)    0.00      0.00    0.00    0.00     0.00
 z  : sersic    : (  273.26,   212.09)   16.45     10.51    0.94    0.64   -14.93
                  (    0.00,     0.00)    0.00      0.00    0.00    0.00     0.00
 u  : sersic    : (  287.95,   427.26) *136.17*     4.02    0.47    0.57    11.64
                  (    0.00,     0.00)   *0.00*     0.00    0.00    0.00     0.00
 J0378: sersic    : (  287.95,   427.26)    0.41      4.03    0.49    0.57    11.64
                  (    0.00,     0.00)    0.00      0.00    0.00    0.00     0.00
 J0395: sersic    : (  287.95,   427.26)   25.53      4.04    0.50    0.57    11.64
                  (    0.00,     0.00)    0.00      0.00    0.00    0.00     0.00
 J0410: sersic    : (  287.95,   427.26)  *37.58*     4.04    0.52    0.57    11.64
                  (    0.00,     0.00)   *0.00*     0.00    0.00    0.00     0.00
 J0430: sersic    : (  287.95,   427.26)   29.41      4.05    0.54    0.57    11.64
                  (    0.00,     0.00)    0.00      0.00    0.00    0.00     0.00
 g  : sersic    : (  287.95,   427.26)   15.23      4.08    0.58    0.57    11.64
                  (    0.00,     0.00)    0.00      0.00    0.00    0.00     0.00
 J0515: sersic    : (  287.95,   427.26)  *30.36*     4.10    0.61    0.57    11.64
                  (    0.00,     0.00)   *0.00*     0.00    0.00    0.00     0.00
 r  : sersic    : (  287.95,   427.26)   15.47      4.15    0.71    0.57    11.64
                  (    0.00,     0.00)    0.00      0.00    0.00    0.00     0.00
 J0660: sersic    : (  287.95,   427.26)   25.40      4.17    0.75    0.57    11.64
                  (    0.00,     0.00)    0.00      0.00    0.00    0.00     0.00
 i  : sersic    : (  287.95,   427.26)   13.29      4.22    0.84    0.57    11.64
                  (    0.00,     0.00)    0.00      0.00    0.00    0.00     0.00
 J0861: sersic    : (  287.95,   427.26)   19.06      4.27    0.93    0.57    11.64
                  (    0.00,     0.00)    0.00      0.00    0.00    0.00     0.00
 z  : sersic    : (  287.95,   427.26)   16.31      4.28    0.95    0.57    11.64
                  (    0.00,     0.00)    0.00      0.00    0.00    0.00     0.00
 u  : sersic    : (  182.31,   320.35) *134.04*     6.16    0.66    0.82    -7.85
                  (    0.00,     0.00)   *0.00*     0.00    0.00    0.00     0.00
 J0378: sersic    : (  182.31,   320.35)   -1.79      6.11    0.71    0.82    -7.85
                  (    0.00,     0.00)    0.00      0.00    0.00    0.00     0.00
 J0395: sersic    : (  182.31,   320.35)   23.84      6.08    0.75    0.82    -7.85
                  (    0.00,     0.00)    0.00      0.00    0.00    0.00     0.00
 J0410: sersic    : (  182.31,   320.35)  *35.47*     6.05    0.79    0.82    -7.85
                  (    0.00,     0.00)   *0.00*     0.00    0.00    0.00     0.00
 J0430: sersic    : (  182.31,   320.35)   27.39      6.01    0.84    0.82    -7.85
                  (    0.00,     0.00)    0.00      0.00    0.00    0.00     0.00
 g  : sersic    : (  182.31,   320.35)   13.09      5.92    0.94    0.82    -7.85
                  (    0.00,     0.00)    0.00      0.00    0.00    0.00     0.00
 J0515: sersic    : (  182.31,   320.35)   28.27      5.84    1.03    0.82    -7.85
                  (    0.00,     0.00)    0.00      0.00    0.00    0.00     0.00
 r  : sersic    : (  182.31,   320.35)   13.34      5.61    1.29    0.82    -7.85
                  (    0.00,     0.00)    0.00      0.00    0.00    0.00     0.00
 J0660: sersic    : (  182.31,   320.35)   23.78      5.54    1.38    0.82    -7.85
                  (    0.00,     0.00)    0.00      0.00    0.00    0.00     0.00
 i  : sersic    : (  182.31,   320.35)    8.48      5.32    1.63    0.82    -7.85
                  (    0.00,     0.00)    0.00      0.00    0.00    0.00     0.00
 J0861: sersic    : (  182.31,   320.35)   16.26      5.13    1.84    0.82    -7.85
                  (    0.00,     0.00)    0.00      0.00    0.00    0.00     0.00
 z  : sersic    : (  182.31,   320.35)   14.22      5.09    1.89    0.82    -7.85
                  (    0.00,     0.00)    0.00      0.00    0.00    0.00     0.00
 u  : sky       : [234.50, 256.50]  2.96e-03  [0.00e+00]  [0.00e+00]
                                3.88e-08  [0.00e+00]  [0.00e+00]
 J0378: sky       : [234.50, 256.50]  2.37e-03  [0.00e+00]  [0.00e+00]
                                3.88e-08  [0.00e+00]  [0.00e+00]
 J0395: sky       : [234.50, 256.50]  3.84e-03  [0.00e+00]  [0.00e+00]
                                3.88e-08  [0.00e+00]  [0.00e+00]
 J0410: sky       : [234.50, 256.50]  5.11e-03  [0.00e+00]  [0.00e+00]
                                3.88e-08  [0.00e+00]  [0.00e+00]
 J0430: sky       : [234.50, 256.50]  8.08e-03  [0.00e+00]  [0.00e+00]
                                3.88e-08  [0.00e+00]  [0.00e+00]
 g  : sky       : [234.50, 256.50]  2.34e-02  [0.00e+00]  [0.00e+00]
                                3.88e-08  [0.00e+00]  [0.00e+00]
 J0515: sky       : [234.50, 256.50]  1.01e-02  [0.00e+00]  [0.00e+00]
                                3.88e-08  [0.00e+00]  [0.00e+00]
 r  : sky       : [234.50, 256.50]  2.98e-02  [0.00e+00]  [0.00e+00]
                                3.88e-08  [0.00e+00]  [0.00e+00]
 J0660: sky       : [234.50, 256.50]  7.76e-03  [0.00e+00]  [0.00e+00]
                                3.88e-08  [0.00e+00]  [0.00e+00]
 i  : sky       : [234.50, 256.50]  2.84e-02  [0.00e+00]  [0.00e+00]
                                3.88e-08  [0.00e+00]  [0.00e+00]
 J0861: sky       : [234.50, 256.50]  8.53e-03  [0.00e+00]  [0.00e+00]
                                3.88e-08  [0.00e+00]  [0.00e+00]
 z  : sky       : [234.50, 256.50]  -7.66e-03  [0.00e+00]  [0.00e+00]
                                3.88e-08  [0.00e+00]  [0.00e+00]
 Chi^2 = 644023974107697.37500,  ndof = 787207
 Chi^2/nu = 818112610.924 

-----------------------------------------------------------------------------
-----------------------------------------------------------------------------

Input images    : Field_Img/215_STRIPE82-0073_U.fits,Field_Img/215_STRIPE82-0073_F378.fits,Field_Img/215_STRIPE82-0073_F395.fits,Field_Img/215_STRIPE82-0073_F410.fits,Field_Img/215_STRIPE82-0073_F430.fits,Field_Img/215_STRIPE82-0073_G.fits,Field_Img/215_STRIPE82-0073_F515.fits,Field_Img/215_STRIPE82-0073_R.fits,Field_Img/215_STRIPE82-0073_F660.fits,Field_Img/215_STRIPE82-0073_I.fits,Field_Img/215_STRIPE82-0073_F861.fits,Field_Img/215_STRIPE82-0073_Z.fits [202:367,106:500] 
Init. par. file : inputs/galfit_215_STRIPE82-0073.input 
Restart file    : galfitm_215_STRIPE82-0073.galfit.01 
Output image    : galfitm_215_STRIPE82-0073.fits 

 u  : sersic    : (  308.11,   137.71)  *33.90*     2.32    0.10    0.13    29.07
                  (    0.00,     0.00)   *0.00*     0.00    0.00    0.00     0.00
 J0378: sersic    : (  308.11,   137.71)   22.30      2.24    0.39    0.13    29.07
                  (    0.00,     0.00)    0.00      0.00    0.00    0.00     0.00
 J0395: sersic    : (  308.11,   137.71)   28.81      2.18    0.60    0.13    29.07
                  (    0.00,     0.00)    0.00      0.00    0.00    0.00     0.00
 J0410: sersic    : (  308.11,   137.71)   26.70      2.12    0.79    0.13    29.07
                  (    0.00,     0.00)    0.00      0.00    0.00    0.00     0.00
 J0430: sersic    : (  308.11,   137.71)   22.29      2.05    1.03    0.13    29.07
                  (    0.00,     0.00)    0.00      0.00    0.00    0.00     0.00
 g  : sersic    : (  308.11,   137.71)  *32.57*     1.88    1.59    0.13    29.07
                  (    0.00,     0.00)   *0.00*     0.00    0.00    0.00     0.00
 J0515: sersic    : (  308.11,   137.71)   29.39      1.74    2.06    0.13    29.07
                  (    0.00,     0.00)    0.00      0.00    0.00    0.00     0.00
 r  : sersic    : (  308.11,   137.71)  *32.73*     1.34    3.45    0.13    29.07
                  (    0.00,     0.00)   *0.00*     0.00    0.00    0.00     0.00
 J0660: sersic    : (  308.11,   137.71)  *31.11*     1.21    3.88    0.13    29.07
                  (    0.00,     0.00)   *0.00*     0.00    0.00    0.00     0.00
 i  : sersic    : (  308.11,   137.71)  *30.40*     0.81    5.21    0.13    29.07
                  (    0.00,     0.00)   *0.00*     0.00    0.00    0.00     0.00
 J0861: sersic    : (  308.11,   137.71)   28.94     *0.48*   6.34    0.13    29.07
                  (    0.00,     0.00)    0.00     *0.00*   0.00    0.00     0.00
 z  : sersic    : (  308.11,   137.71)   27.83     *0.40*   6.61    0.13    29.07
                  (    0.00,     0.00)    0.00     *0.00*   0.00    0.00     0.00
 u  : sersic    : (  259.41,   208.39)   19.33     24.26    0.16    0.77    89.46
                  (    0.00,     0.00)    0.00      0.00    0.00    0.00     0.00
 J0378: sersic    : (  259.41,   208.39)   19.20     24.20    0.16    0.77    89.46
                  (    0.00,     0.00)    0.00      0.00    0.00    0.00     0.00
 J0395: sersic    : (  259.41,   208.39)   19.13     24.15    0.17    0.77    89.46
                  (    0.00,     0.00)    0.00      0.00    0.00    0.00     0.00
 J0410: sersic    : (  259.41,   208.39)   19.33     24.11    0.17    0.77    89.46
                  (    0.00,     0.00)    0.00      0.00    0.00    0.00     0.00
 J0430: sersic    : (  259.41,   208.39)   19.96     24.06    0.17    0.77    89.46
                  (    0.00,     0.00)    0.00      0.00    0.00    0.00     0.00
 g  : sersic    : (  259.41,   208.39)   18.12     23.93    0.17    0.77    89.46
                  (    0.00,     0.00)    0.00      0.00    0.00    0.00     0.00
 J0515: sersic    : (  259.41,   208.39)   18.01     23.83    0.17    0.77    89.46
                  (    0.00,     0.00)    0.00      0.00    0.00    0.00     0.00
 r  : sersic    : (  259.41,   208.39)   17.49     23.52    0.18    0.77    89.46
                  (    0.00,     0.00)    0.00      0.00    0.00    0.00     0.00
 J0660: sersic    : (  259.41,   208.39)   17.33     23.43    0.18    0.77    89.46
                  (    0.00,     0.00)    0.00      0.00    0.00    0.00     0.00
 i  : sersic    : (  259.41,   208.39)   17.02     23.14    0.18    0.77    89.46
                  (    0.00,     0.00)    0.00      0.00    0.00    0.00     0.00
 J0861: sersic    : (  259.41,   208.39)   16.69     22.89    0.19    0.77    89.46
                  (    0.00,     0.00)    0.00      0.00    0.00    0.00     0.00
 z  : sersic    : (  259.41,   208.39)   16.64     22.83    0.19    0.77    89.46
                  (    0.00,     0.00)    0.00      0.00    0.00    0.00     0.00
 u  : sersic    : (  324.58,   267.63)   25.46     24.39    8.58    0.72   -40.86
                  (    0.00,     0.00)    0.00      0.00    0.00    0.00     0.00
 J0378: sersic    : (  324.58,   267.63)   25.28     23.88    9.08    0.72   -40.86
                  (    0.00,     0.00)    0.00      0.00    0.00    0.00     0.00
 J0395: sersic    : (  324.58,   267.63)  *30.68*    23.52    9.45    0.72   -40.86
                  (    0.00,     0.00)   *0.00*     0.00    0.00    0.00     0.00
 J0410: sersic    : (  324.58,   267.63)   29.12     23.18    9.78    0.72   -40.86
                  (    0.00,     0.00)    0.00      0.00    0.00    0.00     0.00
 J0430: sersic    : (  324.58,   267.63)   23.62     22.76  *10.20*   0.72   -40.86
                  (    0.00,     0.00)    0.00      0.00   *0.00*   0.00     0.00
 g  : sersic    : (  324.58,   267.63)   19.40     21.76  *11.19*   0.72   -40.86
                  (    0.00,     0.00)    0.00      0.00   *0.00*   0.00     0.00
 J0515: sersic    : (  324.58,   267.63)   19.55     20.94  *12.01*   0.72   -40.86
                  (    0.00,     0.00)    0.00      0.00   *0.00*   0.00     0.00
 r  : sersic    : (  324.58,   267.63)   18.62     18.51  *14.44*   0.72   -40.86
                  (    0.00,     0.00)    0.00      0.00   *0.00*   0.00     0.00
 J0660: sersic    : (  324.58,   267.63)   19.00     17.74  *15.20*   0.72   -40.86
                  (    0.00,     0.00)    0.00      0.00   *0.00*   0.00     0.00
 i  : sersic    : (  324.58,   267.63)   18.23     15.41  *17.52*   0.72   -40.86
                  (    0.00,     0.00)    0.00      0.00   *0.00*   0.00     0.00
 J0861: sersic    : (  324.58,   267.63)   17.88     13.42  *19.50*   0.72   -40.86
                  (    0.00,     0.00)    0.00      0.00   *0.00*   0.00     0.00
 z  : sersic    : (  324.58,   267.63)   17.95     12.95  *19.97*   0.72   -40.86
                  (    0.00,     0.00)    0.00      0.00   *0.00*   0.00     0.00
 u  : sersic    : (  338.90,   477.70)   22.72      2.58    0.21    0.16   -10.46
                  (    0.00,     0.00)    0.00      0.00    0.00    0.00     0.00
 J0378: sersic    : (  338.90,   477.70)   22.77      2.77    0.20    0.16   -10.46
                  (    0.00,     0.00)    0.00      0.00    0.00    0.00     0.00
 J0395: sersic    : (  338.90,   477.70)  *30.99*     2.91    0.20    0.16   -10.46
                  (    0.00,     0.00)   *0.00*     0.00    0.00    0.00     0.00
 J0410: sersic    : (  338.90,   477.70)   28.89      3.03    0.20    0.16   -10.46
                  (    0.00,     0.00)    0.00      0.00    0.00    0.00     0.00
 J0430: sersic    : (  338.90,   477.70)   22.13      3.20    0.19    0.16   -10.46
                  (    0.00,     0.00)    0.00      0.00    0.00    0.00     0.00
 g  : sersic    : (  338.90,   477.70)   28.83      3.57    0.18    0.16   -10.46
                  (    0.00,     0.00)    0.00      0.00    0.00    0.00     0.00
 J0515: sersic    : (  338.90,   477.70)  *32.48*     3.88    0.18    0.16   -10.46
                  (    0.00,     0.00)   *0.00*     0.00    0.00    0.00     0.00
 r  : sersic    : (  338.90,   477.70)   28.69      4.80    0.16    0.16   -10.46
                  (    0.00,     0.00)    0.00      0.00    0.00    0.00     0.00
 J0660: sersic    : (  338.90,   477.70)  *30.55*     5.09    0.15    0.16   -10.46
                  (    0.00,     0.00)   *0.00*     0.00    0.00    0.00     0.00
 i  : sersic    : (  338.90,   477.70)   22.61      5.96    0.13    0.16   -10.46
                  (    0.00,     0.00)    0.00      0.00    0.00    0.00     0.00
 J0861: sersic    : (  338.90,   477.70)   21.91      6.71    0.12    0.16   -10.46
                  (    0.00,     0.00)    0.00      0.00    0.00    0.00     0.00
 z  : sersic    : (  338.90,   477.70)   22.65      6.89    0.11    0.16   -10.46
                  (    0.00,     0.00)    0.00      0.00    0.00    0.00     0.00
 u  : sersic    : (  230.83,   407.52)   21.58     18.42    0.10    0.51    -9.03
                  (    0.00,     0.00)    0.00      0.00    0.00    0.00     0.00
 J0378: sersic    : (  230.83,   407.52)   22.68     18.55    0.11    0.51    -9.03
                  (    0.00,     0.00)    0.00      0.00    0.00    0.00     0.00
 J0395: sersic    : (  230.83,   407.52)   19.56     18.64    0.12    0.51    -9.03
                  (    0.00,     0.00)    0.00      0.00    0.00    0.00     0.00
 J0410: sersic    : (  230.83,   407.52)   19.22     18.72    0.12    0.51    -9.03
                  (    0.00,     0.00)    0.00      0.00    0.00    0.00     0.00
 J0430: sersic    : (  230.83,   407.52)   20.58     18.83    0.13    0.51    -9.03
                  (    0.00,     0.00)    0.00      0.00    0.00    0.00     0.00
 g  : sersic    : (  230.83,   407.52)   19.68     19.08    0.14    0.51    -9.03
                  (    0.00,     0.00)    0.00      0.00    0.00    0.00     0.00
 J0515: sersic    : (  230.83,   407.52)   19.45     19.28    0.16    0.51    -9.03
                  (    0.00,     0.00)    0.00      0.00    0.00    0.00     0.00
 r  : sersic    : (  230.83,   407.52)   18.66     19.89    0.19    0.51    -9.03
                  (    0.00,     0.00)    0.00      0.00    0.00    0.00     0.00
 J0660: sersic    : (  230.83,   407.52)   18.49     20.08    0.20    0.51    -9.03
                  (    0.00,     0.00)    0.00      0.00    0.00    0.00     0.00
 i  : sersic    : (  230.83,   407.52)   17.78     20.67    0.24    0.51    -9.03
                  (    0.00,     0.00)    0.00      0.00    0.00    0.00     0.00
 J0861: sersic    : (  230.83,   407.52)   17.83     21.16    0.27    0.51    -9.03
                  (    0.00,     0.00)    0.00      0.00    0.00    0.00     0.00
 z  : sersic    : (  230.83,   407.52)   17.10     21.28    0.28    0.51    -9.03
                  (    0.00,     0.00)    0.00      0.00    0.00    0.00     0.00
 u  : sky       : [284.50, 303.00]  1.40e-03  [0.00e+00]  [0.00e+00]
                                7.43e-05  [0.00e+00]  [0.00e+00]
 J0378: sky       : [284.50, 303.00]  8.14e-04  [0.00e+00]  [0.00e+00]
                                7.43e-05  [0.00e+00]  [0.00e+00]
 J0395: sky       : [284.50, 303.00]  2.28e-03  [0.00e+00]  [0.00e+00]
                                7.43e-05  [0.00e+00]  [0.00e+00]
 J0410: sky       : [284.50, 303.00]  3.55e-03  [0.00e+00]  [0.00e+00]
                                7.43e-05  [0.00e+00]  [0.00e+00]
 J0430: sky       : [284.50, 303.00]  6.52e-03  [0.00e+00]  [0.00e+00]
                                7.43e-05  [0.00e+00]  [0.00e+00]
 g  : sky       : [284.50, 303.00]  2.19e-02  [0.00e+00]  [0.00e+00]
                                7.43e-05  [0.00e+00]  [0.00e+00]
 J0515: sky       : [284.50, 303.00]  8.51e-03  [0.00e+00]  [0.00e+00]
                                7.43e-05  [0.00e+00]  [0.00e+00]
 r  : sky       : [284.50, 303.00]  2.83e-02  [0.00e+00]  [0.00e+00]
                                7.43e-05  [0.00e+00]  [0.00e+00]
 J0660: sky       : [284.50, 303.00]  6.20e-03  [0.00e+00]  [0.00e+00]
                                7.43e-05  [0.00e+00]  [0.00e+00]
 i  : sky       : [284.50, 303.00]  2.69e-02  [0.00e+00]  [0.00e+00]
                                7.43e-05  [0.00e+00]  [0.00e+00]
 J0861: sky       : [284.50, 303.00]  6.97e-03  [0.00e+00]  [0.00e+00]
                                7.43e-05  [0.00e+00]  [0.00e+00]
 z  : sky       : [284.50, 303.00]  -9.22e-03  [0.00e+00]  [0.00e+00]
                                7.43e-05  [0.00e+00]  [0.00e+00]
 Chi^2 = 887094.25277,  ndof = 754027
 Chi^2/nu = 1.176 

-----------------------------------------------------------------------------
-----------------------------------------------------------------------------

Input images    : Field_Img/215_STRIPE82-0073_U.fits,Field_Img/215_STRIPE82-0073_F378.fits,Field_Img/215_STRIPE82-0073_F395.fits,Field_Img/215_STRIPE82-0073_F410.fits,Field_Img/215_STRIPE82-0073_F430.fits,Field_Img/215_STRIPE82-0073_G.fits,Field_Img/215_STRIPE82-0073_F515.fits,Field_Img/215_STRIPE82-0073_R.fits,Field_Img/215_STRIPE82-0073_F660.fits,Field_Img/215_STRIPE82-0073_I.fits,Field_Img/215_STRIPE82-0073_F861.fits,Field_Img/215_STRIPE82-0073_Z.fits [1:500,1:500] 
Init. par. file : inputs/galfit_215_STRIPE82-0073.input 
Restart file    : galfitm_215_STRIPE82-0073.galfit.01 
Output image    : galfitm_215_STRIPE82-0073.fits 

 u  : sersic    : (  307.62,   138.50)  *34.65*     1.12    6.70    0.51    62.53
                  (    0.25,     0.00)   *0.00*     0.00    0.00    0.00     0.00
 J0378: sersic    : (  307.62,   138.50)   22.25      1.13    6.41    0.51    62.53
                  (    0.25,     0.00)    0.00      0.00    0.00    0.00     0.00
 J0395: sersic    : (  307.62,   138.50)  *31.53*     1.14    6.20    0.51    62.53
                  (    0.25,     0.00)   *0.00*     0.00    0.00    0.00     0.00
 J0410: sersic    : (  307.62,   138.50)   29.10      1.14    6.01    0.51    62.53
                  (    0.25,     0.00)    0.00      0.00    0.00    0.00     0.00
 J0430: sersic    : (  307.62,   138.50)   22.24      1.15    5.77    0.51    62.53
                  (    0.25,     0.00)    0.00      0.00    0.00    0.00     0.00
 g  : sersic    : (  307.62,   138.50)  *32.73*     1.17    5.20    0.51    62.53
                  (    0.25,     0.00)   *0.00*     0.00    0.00    0.00     0.00
 J0515: sersic    : (  307.62,   138.50)  *34.47*     1.18    4.73    0.51    62.53
                  (    0.25,     0.00)   *0.00*     0.00    0.00    0.00     0.00
 r  : sersic    : (  307.62,   138.50)  *32.47*     1.23    3.34    0.51    62.53
                  (    0.25,     0.00)   *0.00*     0.00    0.00    0.00     0.00
 J0660: sersic    : (  307.62,   138.50)  *33.26*     1.24    2.90    0.51    62.53
                  (    0.25,     0.00)   *0.00*     0.00    0.00    0.00     0.00
 i  : sersic    : (  307.62,   138.50)   23.98      1.29    1.57    0.51    62.53
                  (    0.25,     0.00)    0.00      0.00    0.00    0.00     0.00
 J0861: sersic    : (  307.62,   138.50)   29.59      1.32    0.43    0.51    62.53
                  (    0.25,     0.00)    0.00      0.00    0.00    0.00     0.00
 z  : sersic    : (  307.62,   138.50)   29.43      1.33    0.16    0.51    62.53
                  (    0.25,     0.00)    0.00      0.00    0.00    0.00     0.00
 u  : sersic    : (  259.38,   208.23)   19.22     24.23    0.14    0.76    89.11
                  (    0.25,     0.00)    0.00      0.00    0.00    0.00     0.00
 J0378: sersic    : (  259.38,   208.23)   20.46     24.18    0.14    0.76    89.11
                  (    0.25,     0.00)    0.00      0.00    0.00    0.00     0.00
 J0395: sersic    : (  259.38,   208.23)   19.91     24.13    0.15    0.76    89.11
                  (    0.25,     0.00)    0.00      0.00    0.00    0.00     0.00
 J0410: sersic    : (  259.38,   208.23)   19.03     24.10    0.15    0.76    89.11
                  (    0.25,     0.00)    0.00      0.00    0.00    0.00     0.00
 J0430: sersic    : (  259.38,   208.23)   18.77     24.05    0.15    0.76    89.11
                  (    0.25,     0.00)    0.00      0.00    0.00    0.00     0.00
 g  : sersic    : (  259.38,   208.23)   18.19     23.94    0.15    0.76    89.11
                  (    0.25,     0.00)    0.00      0.00    0.00    0.00     0.00
 J0515: sersic    : (  259.38,   208.23)   17.98     23.84    0.16    0.76    89.11
                  (    0.25,     0.00)    0.00      0.00    0.00    0.00     0.00
 r  : sersic    : (  259.38,   208.23)   17.51     23.57    0.17    0.76    89.11
                  (    0.25,     0.00)    0.00      0.00    0.00    0.00     0.00
 J0660: sersic    : (  259.38,   208.23)   17.31     23.48    0.17    0.76    89.11
                  (    0.25,     0.00)    0.00      0.00    0.00    0.00     0.00
 i  : sersic    : (  259.38,   208.23)   17.03     23.21    0.18    0.76    89.11
                  (    0.25,     0.00)    0.00      0.00    0.00    0.00     0.00
 J0861: sersic    : (  259.38,   208.23)   16.67     22.99    0.19    0.76    89.11
                  (    0.25,     0.00)    0.00      0.00    0.00    0.00     0.00
 z  : sersic    : (  259.38,   208.23)   16.64     22.93    0.20    0.76    89.11
                  (    0.25,     0.00)    0.00      0.00    0.00    0.00     0.00
 u  : sersic    : (  324.35,   267.54)   23.23    466.63    0.12    0.45   -71.88
                  (    0.25,     0.00)    0.00      0.00    0.00    0.00     0.00
 J0378: sersic    : (  324.35,   267.54)   14.67    480.94    0.98    0.45   -71.88
                  (    0.25,     0.00)    0.00      0.00    0.00    0.00     0.00
 J0395: sersic    : (  324.35,   267.54)   15.27    491.34    1.61    0.45   -71.88
                  (    0.25,     0.00)    0.00      0.00    0.00    0.00     0.00
 J0410: sersic    : (  324.35,   267.54)   16.54    500.76    2.18    0.45   -71.88
                  (    0.25,     0.00)    0.00      0.00    0.00    0.00     0.00
 J0430: sersic    : (  324.35,   267.54)   17.68    512.88    2.91    0.45   -71.88
                  (    0.25,     0.00)    0.00      0.00    0.00    0.00     0.00
 g  : sersic    : (  324.35,   267.54)   16.83    540.96    4.61    0.45   -71.88
                  (    0.25,     0.00)    0.00      0.00    0.00    0.00     0.00
 J0515: sersic    : (  324.35,   267.54)   17.32    564.32    6.02    0.45   -71.88
                  (    0.25,     0.00)    0.00      0.00    0.00    0.00     0.00
 r  : sersic    : (  324.35,   267.54)   17.10    633.14  *10.17*   0.45   -71.88
                  (    0.25,     0.00)    0.00      0.00   *0.00*   0.00     0.00
 J0660: sersic    : (  324.35,   267.54)   17.29    654.92  *11.49*   0.45   -71.88
                  (    0.25,     0.00)    0.00      0.00   *0.00*   0.00     0.00
 i  : sersic    : (  324.35,   267.54)   16.99    720.74  *15.46*   0.45   -71.88
                  (    0.25,     0.00)    0.00      0.00   *0.00*   0.00     0.00
 J0861: sersic    : (  324.35,   267.54)   17.03    777.08  *18.86*   0.45   -71.88
                  (    0.25,     0.00)    0.00      0.00   *0.00*   0.00     0.00
 z  : sersic    : (  324.35,   267.54)   16.98    790.54  *19.67*   0.45   -71.88
                  (    0.25,     0.00)    0.00      0.00   *0.00*   0.00     0.00
 u  : sersic    : (  338.91,   477.76)   22.70      2.72    0.21    0.14   -10.50
                  (    0.25,     0.00)    0.00      0.00    0.00    0.00     0.00
 J0378: sersic    : (  338.91,   477.76)   22.80      2.91    0.21    0.14   -10.50
                  (    0.25,     0.00)    0.00      0.00    0.00    0.00     0.00
 J0395: sersic    : (  338.91,   477.76)  *31.28*     3.05    0.20    0.14   -10.50
                  (    0.25,     0.00)   *0.00*     0.00    0.00    0.00     0.00
 J0410: sersic    : (  338.91,   477.76)   29.08      3.17    0.20    0.14   -10.50
                  (    0.25,     0.00)    0.00      0.00    0.00    0.00     0.00
 J0430: sersic    : (  338.91,   477.76)   22.08      3.33    0.20    0.14   -10.50
                  (    0.25,     0.00)    0.00      0.00    0.00    0.00     0.00
 g  : sersic    : (  338.91,   477.76)   29.64      3.69    0.19    0.14   -10.50
                  (    0.25,     0.00)    0.00      0.00    0.00    0.00     0.00
 J0515: sersic    : (  338.91,   477.76)  *34.51*     4.00    0.18    0.14   -10.50
                  (    0.25,     0.00)   *0.00*     0.00    0.00    0.00     0.00
 r  : sersic    : (  338.91,   477.76)  *30.59*     4.90    0.16    0.14   -10.50
                  (    0.25,     0.00)   *0.00*     0.00    0.00    0.00     0.00
 J0660: sersic    : (  338.91,   477.76)  *32.80*     5.18    0.15    0.14   -10.50
                  (    0.25,     0.00)   *0.00*     0.00    0.00    0.00     0.00
 i  : sersic    : (  338.91,   477.76)   22.66      6.04    0.13    0.14   -10.50
                  (    0.25,     0.00)    0.00      0.00    0.00    0.00     0.00
 J0861: sersic    : (  338.91,   477.76)   22.08      6.78    0.11    0.14   -10.50
                  (    0.25,     0.00)    0.00      0.00    0.00    0.00     0.00
 z  : sersic    : (  338.91,   477.76)   22.37      6.95    0.11    0.14   -10.50
                  (    0.25,     0.00)    0.00      0.00    0.00    0.00     0.00
 u  : sersic    : (  230.89,   407.75)   20.71     18.72    0.10    0.51    -9.78
                  (    0.25,     0.00)    0.00      0.00    0.00    0.00     0.00
 J0378: sersic    : (  230.89,   407.75)   20.67     18.82    0.11    0.51    -9.78
                  (    0.25,     0.00)    0.00      0.00    0.00    0.00     0.00
 J0395: sersic    : (  230.89,   407.75)   19.26     18.88    0.12    0.51    -9.78
                  (    0.25,     0.00)    0.00      0.00    0.00    0.00     0.00
 J0410: sersic    : (  230.89,   407.75)   19.34     18.94    0.12    0.51    -9.78
                  (    0.25,     0.00)    0.00      0.00    0.00    0.00     0.00
 J0430: sersic    : (  230.89,   407.75)   20.38     19.02    0.13    0.51    -9.78
                  (    0.25,     0.00)    0.00      0.00    0.00    0.00     0.00
 g  : sersic    : (  230.89,   407.75)   19.69     19.20    0.15    0.51    -9.78
                  (    0.25,     0.00)    0.00      0.00    0.00    0.00     0.00
 J0515: sersic    : (  230.89,   407.75)   19.43     19.36    0.17    0.51    -9.78
                  (    0.25,     0.00)    0.00      0.00    0.00    0.00     0.00
 r  : sersic    : (  230.89,   407.75)   18.65     19.80    0.22    0.51    -9.78
                  (    0.25,     0.00)    0.00      0.00    0.00    0.00     0.00
 J0660: sersic    : (  230.89,   407.75)   18.44     19.94    0.24    0.51    -9.78
                  (    0.25,     0.00)    0.00      0.00    0.00    0.00     0.00
 i  : sersic    : (  230.89,   407.75)   17.76     20.37    0.29    0.51    -9.78
                  (    0.25,     0.00)    0.00      0.00    0.00    0.00     0.00
 J0861: sersic    : (  230.89,   407.75)   17.83     20.74    0.33    0.51    -9.78
                  (    0.25,     0.00)    0.00      0.00    0.00    0.00     0.00
 z  : sersic    : (  230.89,   407.75)   17.08     20.82    0.34    0.51    -9.78
                  (    0.25,     0.00)    0.00      0.00    0.00    0.00     0.00
 u  : sky       : [250.50, 250.50]  1.16e-03  [0.00e+00]  [0.00e+00]
                                2.52e-01  [0.00e+00]  [0.00e+00]
 J0378: sky       : [250.50, 250.50]  5.72e-04  [0.00e+00]  [0.00e+00]
                                2.52e-01  [0.00e+00]  [0.00e+00]
 J0395: sky       : [250.50, 250.50]  2.04e-03  [0.00e+00]  [0.00e+00]
                                2.52e-01  [0.00e+00]  [0.00e+00]
 J0410: sky       : [250.50, 250.50]  3.31e-03  [0.00e+00]  [0.00e+00]
                                2.52e-01  [0.00e+00]  [0.00e+00]
 J0430: sky       : [250.50, 250.50]  6.27e-03  [0.00e+00]  [0.00e+00]
                                2.52e-01  [0.00e+00]  [0.00e+00]
 g  : sky       : [250.50, 250.50]  2.16e-02  [0.00e+00]  [0.00e+00]
                                2.52e-01  [0.00e+00]  [0.00e+00]
 J0515: sky       : [250.50, 250.50]  8.27e-03  [0.00e+00]  [0.00e+00]
                                2.52e-01  [0.00e+00]  [0.00e+00]
 r  : sky       : [250.50, 250.50]  2.80e-02  [0.00e+00]  [0.00e+00]
                                2.52e-01  [0.00e+00]  [0.00e+00]
 J0660: sky       : [250.50, 250.50]  5.96e-03  [0.00e+00]  [0.00e+00]
                                2.52e-01  [0.00e+00]  [0.00e+00]
 i  : sky       : [250.50, 250.50]  2.66e-02  [0.00e+00]  [0.00e+00]
                                2.52e-01  [0.00e+00]  [0.00e+00]
 J0861: sky       : [250.50, 250.50]  6.73e-03  [0.00e+00]  [0.00e+00]
                                2.52e-01  [0.00e+00]  [0.00e+00]
 z  : sky       : [250.50, 250.50]  -9.46e-03  [0.00e+00]  [0.00e+00]
                                2.52e-01  [0.00e+00]  [0.00e+00]
 Chi^2 = 3365189.90662,  ndof = 2905471
 Chi^2/nu = 1.158 

-----------------------------------------------------------------------------
-----------------------------------------------------------------------------

Input images    : Field_Img/215_STRIPE82-0073_U.fits,Field_Img/215_STRIPE82-0073_F378.fits,Field_Img/215_STRIPE82-0073_F395.fits,Field_Img/215_STRIPE82-0073_F410.fits,Field_Img/215_STRIPE82-0073_F430.fits,Field_Img/215_STRIPE82-0073_G.fits,Field_Img/215_STRIPE82-0073_F515.fits,Field_Img/215_STRIPE82-0073_R.fits,Field_Img/215_STRIPE82-0073_F660.fits,Field_Img/215_STRIPE82-0073_I.fits,Field_Img/215_STRIPE82-0073_F861.fits,Field_Img/215_STRIPE82-0073_Z.fits [1:500,1:500] 
Init. par. file : inputs/galfit_215_STRIPE82-0073.input 
Restart file    : galfitm_215_STRIPE82-0073.galfit.01 
Output image    : galfitm_215_STRIPE82-0073.fits 

 u  : sersic    : (  260.08,    85.89)   19.24      5.84    1.12    0.72   -59.76
                  (    0.01,     0.00)    0.00      0.00    0.00    0.00     0.00
 J0378: sersic    : (  260.08,    85.89)   18.70      5.79    1.12    0.72   -59.76
                  (    0.01,     0.00)    0.00      0.00    0.00    0.00     0.00
 J0395: sersic    : (  260.08,    85.89)   18.67      5.75    1.13    0.72   -59.76
                  (    0.01,     0.00)    0.00      0.00    0.00    0.00     0.00
 J0410: sersic    : (  260.08,    85.89)   18.26      5.72    1.13    0.72   -59.76
                  (    0.01,     0.00)    0.00      0.00    0.00    0.00     0.00
 J0430: sersic    : (  260.08,    85.89)   17.78      5.68    1.13    0.72   -59.76
                  (    0.01,     0.00)    0.00      0.00    0.00    0.00     0.00
 g  : sersic    : (  260.08,    85.89)   17.24      5.58    1.14    0.72   -59.76
                  (    0.01,     0.00)    0.00      0.00    0.00    0.00     0.00
 J0515: sersic    : (  260.08,    85.89)   16.89      5.50    1.15    0.72   -59.76
                  (    0.01,     0.00)    0.00      0.00    0.00    0.00     0.00
 r  : sersic    : (  260.08,    85.89)   16.36      5.26    1.17    0.72   -59.76
                  (    0.01,     0.00)    0.00      0.00    0.00    0.00     0.00
 J0660: sersic    : (  260.08,    85.89)   16.22      5.18    1.18    0.72   -59.76
                  (    0.01,     0.00)    0.00      0.00    0.00    0.00     0.00
 i  : sersic    : (  260.08,    85.89)   15.92      4.95    1.20    0.72   -59.76
                  (    0.01,     0.00)    0.00      0.00    0.00    0.00     0.00
 J0861: sersic    : (  260.08,    85.89)   15.69      4.75    1.22    0.72   -59.76
                  (    0.01,     0.00)    0.00      0.00    0.00    0.00     0.00
 z  : sersic    : (  260.08,    85.89)   15.64      4.70    1.23    0.72   -59.76
                  (    0.01,     0.00)    0.00      0.00    0.00    0.00     0.00
 u  : sersic    : (  245.29,   203.72)   19.40      5.37    0.89    0.57    58.77
                  (    0.01,     0.00)    0.00      0.00    0.00    0.00     0.00
 J0378: sersic    : (  245.29,   203.72)   18.85      5.35    0.90    0.57    58.77
                  (    0.01,     0.00)    0.00      0.00    0.00    0.00     0.00
 J0395: sersic    : (  245.29,   203.72)   18.76      5.34    0.91    0.57    58.77
                  (    0.01,     0.00)    0.00      0.00    0.00    0.00     0.00
 J0410: sersic    : (  245.29,   203.72)   18.29      5.33    0.92    0.57    58.77
                  (    0.01,     0.00)    0.00      0.00    0.00    0.00     0.00
 J0430: sersic    : (  245.29,   203.72)   17.85      5.31    0.92    0.57    58.77
                  (    0.01,     0.00)    0.00      0.00    0.00    0.00     0.00
 g  : sersic    : (  245.29,   203.72)   17.31      5.28    0.94    0.57    58.77
                  (    0.01,     0.00)    0.00      0.00    0.00    0.00     0.00
 J0515: sersic    : (  245.29,   203.72)   16.97      5.25    0.96    0.57    58.77
                  (    0.01,     0.00)    0.00      0.00    0.00    0.00     0.00
 r  : sersic    : (  245.29,   203.72)   16.39      5.17    1.01    0.57    58.77
                  (    0.01,     0.00)    0.00      0.00    0.00    0.00     0.00
 J0660: sersic    : (  245.29,   203.72)   16.23      5.14    1.02    0.57    58.77
                  (    0.01,     0.00)    0.00      0.00    0.00    0.00     0.00
 i  : sersic    : (  245.29,   203.72)   15.88      5.06    1.07    0.57    58.77
                  (    0.01,     0.00)    0.00      0.00    0.00    0.00     0.00
 J0861: sersic    : (  245.29,   203.72)   15.62      4.99    1.11    0.57    58.77
                  (    0.01,     0.00)    0.00      0.00    0.00    0.00     0.00
 z  : sersic    : (  245.29,   203.72)   15.54      4.97    1.12    0.57    58.77
                  (    0.01,     0.00)    0.00      0.00    0.00    0.00     0.00
 u  : sersic    : (  273.00,   211.96)   18.55     11.82    0.86    0.67    19.67
                  (    0.01,     0.00)    0.00      0.00    0.00    0.00     0.00
 J0378: sersic    : (  273.00,   211.96)   18.19     11.89    0.87    0.67    19.67
                  (    0.01,     0.00)    0.00      0.00    0.00    0.00     0.00
 J0395: sersic    : (  273.00,   211.96)   18.06     11.95    0.88    0.67    19.67
                  (    0.01,     0.00)    0.00      0.00    0.00    0.00     0.00
 J0410: sersic    : (  273.00,   211.96)   17.90     12.00    0.88    0.67    19.67
                  (    0.01,     0.00)    0.00      0.00    0.00    0.00     0.00
 J0430: sersic    : (  273.00,   211.96)   17.58     12.07    0.89    0.67    19.67
                  (    0.01,     0.00)    0.00      0.00    0.00    0.00     0.00
 g  : sersic    : (  273.00,   211.96)   17.43     12.22    0.91    0.67    19.67
                  (    0.01,     0.00)    0.00      0.00    0.00    0.00     0.00
 J0515: sersic    : (  273.00,   211.96)   17.14     12.35    0.93    0.67    19.67
                  (    0.01,     0.00)    0.00      0.00    0.00    0.00     0.00
 r  : sersic    : (  273.00,   211.96)   16.94     12.73    0.99    0.67    19.67
                  (    0.01,     0.00)    0.00      0.00    0.00    0.00     0.00
 J0660: sersic    : (  273.00,   211.96)   16.86     12.85    1.00    0.67    19.67
                  (    0.01,     0.00)    0.00      0.00    0.00    0.00     0.00
 i  : sersic    : (  273.00,   211.96)   16.64     13.21    1.05    0.67    19.67
                  (    0.01,     0.00)    0.00      0.00    0.00    0.00     0.00
 J0861: sersic    : (  273.00,   211.96)   16.51     13.52    1.10    0.67    19.67
                  (    0.01,     0.00)    0.00      0.00    0.00    0.00     0.00
 z  : sersic    : (  273.00,   211.96)   16.48     13.60    1.11    0.67    19.67
                  (    0.01,     0.00)    0.00      0.00    0.00    0.00     0.00
 u  : sersic    : (  287.75,   426.85)   19.92      5.57    0.80    0.56   -10.74
                  (    0.01,     0.00)    0.00      0.00    0.00    0.00     0.00
 J0378: sersic    : (  287.75,   426.85)   19.60      5.53    0.81    0.56   -10.74
                  (    0.01,     0.00)    0.00      0.00    0.00    0.00     0.00
 J0395: sersic    : (  287.75,   426.85)   19.45      5.50    0.81    0.56   -10.74
                  (    0.01,     0.00)    0.00      0.00    0.00    0.00     0.00
 J0410: sersic    : (  287.75,   426.85)   19.03      5.47    0.82    0.56   -10.74
                  (    0.01,     0.00)    0.00      0.00    0.00    0.00     0.00
 J0430: sersic    : (  287.75,   426.85)   18.52      5.43    0.82    0.56   -10.74
                  (    0.01,     0.00)    0.00      0.00    0.00    0.00     0.00
 g  : sersic    : (  287.75,   426.85)   18.16      5.35    0.84    0.56   -10.74
                  (    0.01,     0.00)    0.00      0.00    0.00    0.00     0.00
 J0515: sersic    : (  287.75,   426.85)   17.84      5.28    0.85    0.56   -10.74
                  (    0.01,     0.00)    0.00      0.00    0.00    0.00     0.00
 r  : sersic    : (  287.75,   426.85)   17.30      5.08    0.89    0.56   -10.74
                  (    0.01,     0.00)    0.00      0.00    0.00    0.00     0.00
 J0660: sersic    : (  287.75,   426.85)   17.17      5.01    0.90    0.56   -10.74
                  (    0.01,     0.00)    0.00      0.00    0.00    0.00     0.00
 i  : sersic    : (  287.75,   426.85)   16.84      4.81    0.94    0.56   -10.74
                  (    0.01,     0.00)    0.00      0.00    0.00    0.00     0.00
 J0861: sersic    : (  287.75,   426.85)   16.67      4.65    0.97    0.56   -10.74
                  (    0.01,     0.00)    0.00      0.00    0.00    0.00     0.00
 z  : sersic    : (  287.75,   426.85)   16.58      4.61    0.98    0.56   -10.74
                  (    0.01,     0.00)    0.00      0.00    0.00    0.00     0.00
 u  : sersic    : (  181.87,   320.01)   18.15      7.23    1.58    0.91   -15.89
                  (    0.01,     0.00)    0.00      0.00    0.00    0.00     0.00
 J0378: sersic    : (  181.87,   320.01)   17.61      7.14    1.59    0.91   -15.89
                  (    0.01,     0.00)    0.00      0.00    0.00    0.00     0.00
 J0395: sersic    : (  181.87,   320.01)   17.56      7.07    1.59    0.91   -15.89
                  (    0.01,     0.00)    0.00      0.00    0.00    0.00     0.00
 J0410: sersic    : (  181.87,   320.01)   17.19      7.01    1.60    0.91   -15.89
                  (    0.01,     0.00)    0.00      0.00    0.00    0.00     0.00
 J0430: sersic    : (  181.87,   320.01)   16.70      6.93    1.61    0.91   -15.89
                  (    0.01,     0.00)    0.00      0.00    0.00    0.00     0.00
 g  : sersic    : (  181.87,   320.01)   16.17      6.75    1.62    0.91   -15.89
                  (    0.01,     0.00)    0.00      0.00    0.00    0.00     0.00
 J0515: sersic    : (  181.87,   320.01)   15.82      6.60    1.63    0.91   -15.89
                  (    0.01,     0.00)    0.00      0.00    0.00    0.00     0.00
 r  : sersic    : (  181.87,   320.01)   15.29      6.16    1.67    0.91   -15.89
                  (    0.01,     0.00)    0.00      0.00    0.00    0.00     0.00
 J0660: sersic    : (  181.87,   320.01)   15.14      6.02    1.68    0.91   -15.89
                  (    0.01,     0.00)    0.00      0.00    0.00    0.00     0.00
 i  : sersic    : (  181.87,   320.01)   14.80      5.59    1.71    0.91   -15.89
                  (    0.01,     0.00)    0.00      0.00    0.00    0.00     0.00
 J0861: sersic    : (  181.87,   320.01)   14.58      5.23    1.74    0.91   -15.89
                  (    0.01,     0.00)    0.00      0.00    0.00    0.00     0.00
 z  : sersic    : (  181.87,   320.01)   14.49      5.14    1.75    0.91   -15.89
                  (    0.01,     0.00)    0.00      0.00    0.00    0.00     0.00
 u  : sky       : [250.50, 250.50]  1.29e-03  [0.00e+00]  [0.00e+00]
                                5.48e-03  [0.00e+00]  [0.00e+00]
 J0378: sky       : [250.50, 250.50]  7.05e-04  [0.00e+00]  [0.00e+00]
                                5.48e-03  [0.00e+00]  [0.00e+00]
 J0395: sky       : [250.50, 250.50]  2.17e-03  [0.00e+00]  [0.00e+00]
                                5.48e-03  [0.00e+00]  [0.00e+00]
 J0410: sky       : [250.50, 250.50]  3.44e-03  [0.00e+00]  [0.00e+00]
                                5.48e-03  [0.00e+00]  [0.00e+00]
 J0430: sky       : [250.50, 250.50]  6.41e-03  [0.00e+00]  [0.00e+00]
                                5.48e-03  [0.00e+00]  [0.00e+00]
 g  : sky       : [250.50, 250.50]  2.18e-02  [0.00e+00]  [0.00e+00]
                                5.48e-03  [0.00e+00]  [0.00e+00]
 J0515: sky       : [250.50, 250.50]  8.40e-03  [0.00e+00]  [0.00e+00]
                                5.48e-03  [0.00e+00]  [0.00e+00]
 r  : sky       : [250.50, 250.50]  2.82e-02  [0.00e+00]  [0.00e+00]
                                5.48e-03  [0.00e+00]  [0.00e+00]
 J0660: sky       : [250.50, 250.50]  6.10e-03  [0.00e+00]  [0.00e+00]
                                5.48e-03  [0.00e+00]  [0.00e+00]
 i  : sky       : [250.50, 250.50]  2.68e-02  [0.00e+00]  [0.00e+00]
                                5.48e-03  [0.00e+00]  [0.00e+00]
 J0861: sky       : [250.50, 250.50]  6.86e-03  [0.00e+00]  [0.00e+00]
                                5.48e-03  [0.00e+00]  [0.00e+00]
 z  : sky       : [250.50, 250.50]  -9.33e-03  [0.00e+00]  [0.00e+00]
                                5.48e-03  [0.00e+00]  [0.00e+00]
 Chi^2 = 3458186.81868,  ndof = 2947519
 Chi^2/nu = 1.173 

-----------------------------------------------------------------------------
-----------------------------------------------------------------------------

Input images    : Field_Img/234_MC0011_U.fits,Field_Img/234_MC0011_F378.fits,Field_Img/234_MC0011_F395.fits,Field_Img/234_MC0011_F410.fits,Field_Img/234_MC0011_F430.fits,Field_Img/234_MC0011_G.fits,Field_Img/234_MC0011_F515.fits,Field_Img/234_MC0011_R.fits,Field_Img/234_MC0011_F660.fits,Field_Img/234_MC0011_I.fits,Field_Img/234_MC0011_F861.fits,Field_Img/234_MC0011_Z.fits [1:800,1:800] 
Init. par. file : inputs/galfit_234_MC0011.input 
Restart file    : galfitm_234_MC0011.galfit.01 
Output image    : galfitm_234_MC0011.fits 

 u  : sersic    : (  259.94,   316.36)   20.13      4.57    0.81    0.79   -66.46
                  (    0.03,     0.00)    0.00      0.00    0.00    0.00     0.00
 J0378: sersic    : (  259.94,   316.36)   19.74      4.63    0.84    0.79   -66.46
                  (    0.03,     0.00)    0.00      0.00    0.00    0.00     0.00
 J0395: sersic    : (  259.94,   316.36)   19.26      4.66    0.85    0.79   -66.46
                  (    0.03,     0.00)    0.00      0.00    0.00    0.00     0.00
 J0410: sersic    : (  259.94,   316.36)   19.33      4.70    0.87    0.79   -66.46
                  (    0.03,     0.00)    0.00      0.00    0.00    0.00     0.00
 J0430: sersic    : (  259.94,   316.36)   19.15      4.74    0.89    0.79   -66.46
                  (    0.03,     0.00)    0.00      0.00    0.00    0.00     0.00
 g  : sersic    : (  259.94,   316.36)   18.97      4.84    0.93    0.79   -66.46
                  (    0.03,     0.00)    0.00      0.00    0.00    0.00     0.00
 J0515: sersic    : (  259.94,   316.36)   18.88      4.93    0.97    0.79   -66.46
                  (    0.03,     0.00)    0.00      0.00    0.00    0.00     0.00
 r  : sersic    : (  259.94,   316.36)   18.57      5.18    1.09    0.79   -66.46
                  (    0.03,     0.00)    0.00      0.00    0.00    0.00     0.00
 J0660: sersic    : (  259.94,   316.36)   18.56      5.26    1.12    0.79   -66.46
                  (    0.03,     0.00)    0.00      0.00    0.00    0.00     0.00
 i  : sersic    : (  259.94,   316.36)   18.34      5.49    1.23    0.79   -66.46
                  (    0.03,     0.00)    0.00      0.00    0.00    0.00     0.00
 J0861: sersic    : (  259.94,   316.36)   18.27      5.70    1.32    0.79   -66.46
                  (    0.03,     0.00)    0.00      0.00    0.00    0.00     0.00
 z  : sersic    : (  259.94,   316.36)   18.35      5.75    1.34    0.79   -66.46
                  (    0.03,     0.00)    0.00      0.00    0.00    0.00     0.00
 u  : sersic    : (  352.38,   378.11)   19.49      3.97    0.71    0.84   -50.45
                  (    0.03,     0.00)    0.00      0.00    0.00    0.00     0.00
 J0378: sersic    : (  352.38,   378.11)   19.25      3.98    0.71    0.84   -50.45
                  (    0.03,     0.00)    0.00      0.00    0.00    0.00     0.00
 J0395: sersic    : (  352.38,   378.11)   18.63      3.99    0.71    0.84   -50.45
                  (    0.03,     0.00)    0.00      0.00    0.00    0.00     0.00
 J0410: sersic    : (  352.38,   378.11)   18.74      4.00    0.72    0.84   -50.45
                  (    0.03,     0.00)    0.00      0.00    0.00    0.00     0.00
 J0430: sersic    : (  352.38,   378.11)   18.83      4.00    0.72    0.84   -50.45
                  (    0.03,     0.00)    0.00      0.00    0.00    0.00     0.00
 g  : sersic    : (  352.38,   378.11)   18.63      4.02    0.72    0.84   -50.45
                  (    0.03,     0.00)    0.00      0.00    0.00    0.00     0.00
 J0515: sersic    : (  352.38,   378.11)   18.41      4.03    0.73    0.84   -50.45
                  (    0.03,     0.00)    0.00      0.00    0.00    0.00     0.00
 r  : sersic    : (  352.38,   378.11)   18.35      4.08    0.74    0.84   -50.45
                  (    0.03,     0.00)    0.00      0.00    0.00    0.00     0.00
 J0660: sersic    : (  352.38,   378.11)   18.40      4.09    0.75    0.84   -50.45
                  (    0.03,     0.00)    0.00      0.00    0.00    0.00     0.00
 i  : sersic    : (  352.38,   378.11)   18.21      4.13    0.76    0.84   -50.45
                  (    0.03,     0.00)    0.00      0.00    0.00    0.00     0.00
 J0861: sersic    : (  352.38,   378.11)   18.14      4.17    0.77    0.84   -50.45
                  (    0.03,     0.00)    0.00      0.00    0.00    0.00     0.00
 z  : sersic    : (  352.38,   378.11)   18.30      4.17    0.78    0.84   -50.45
                  (    0.03,     0.00)    0.00      0.00    0.00    0.00     0.00
 u  : sersic    : (  358.93,   436.38)   19.75      1.67    0.78    0.95   -29.67
                  (    0.03,     0.00)    0.00      0.00    0.00    0.00     0.00
 J0378: sersic    : (  358.93,   436.38)   19.25      1.66    0.78    0.95   -29.67
                  (    0.03,     0.00)    0.00      0.00    0.00    0.00     0.00
 J0395: sersic    : (  358.93,   436.38)   18.87      1.66    0.77    0.95   -29.67
                  (    0.03,     0.00)    0.00      0.00    0.00    0.00     0.00
 J0410: sersic    : (  358.93,   436.38)   18.84      1.65    0.77    0.95   -29.67
                  (    0.03,     0.00)    0.00      0.00    0.00    0.00     0.00
 J0430: sersic    : (  358.93,   436.38)   18.83      1.65    0.77    0.95   -29.67
                  (    0.03,     0.00)    0.00      0.00    0.00    0.00     0.00
 g  : sersic    : (  358.93,   436.38)   19.13      1.63    0.76    0.95   -29.67
                  (    0.03,     0.00)    0.00      0.00    0.00    0.00     0.00
 J0515: sersic    : (  358.93,   436.38)   18.91      1.62    0.76    0.95   -29.67
                  (    0.03,     0.00)    0.00      0.00    0.00    0.00     0.00
 r  : sersic    : (  358.93,   436.38)   19.30      1.59    0.74    0.95   -29.67
                  (    0.03,     0.00)    0.00      0.00    0.00    0.00     0.00
 J0660: sersic    : (  358.93,   436.38)   19.50      1.58    0.73    0.95   -29.67
                  (    0.03,     0.00)    0.00      0.00    0.00    0.00     0.00
 i  : sersic    : (  358.93,   436.38)   19.53      1.55    0.72    0.95   -29.67
                  (    0.03,     0.00)    0.00      0.00    0.00    0.00     0.00
 J0861: sersic    : (  358.93,   436.38)   19.68      1.53    0.70    0.95   -29.67
                  (    0.03,     0.00)    0.00      0.00    0.00    0.00     0.00
 z  : sersic    : (  358.93,   436.38)   19.65      1.52    0.70    0.95   -29.67
                  (    0.03,     0.00)    0.00      0.00    0.00    0.00     0.00
 u  : sersic    : (  510.95,   389.34)   17.92      6.54    0.54    0.87   -51.38
                  (    0.03,     0.00)    0.00      0.00    0.00    0.00     0.00
 J0378: sersic    : (  510.95,   389.34)   17.83      6.52    0.55    0.87   -51.38
                  (    0.03,     0.00)    0.00      0.00    0.00    0.00     0.00
 J0395: sersic    : (  510.95,   389.34)   17.22      6.50    0.55    0.87   -51.38
                  (    0.03,     0.00)    0.00      0.00    0.00    0.00     0.00
 J0410: sersic    : (  510.95,   389.34)   17.29      6.48    0.56    0.87   -51.38
                  (    0.03,     0.00)    0.00      0.00    0.00    0.00     0.00
 J0430: sersic    : (  510.95,   389.34)   17.22      6.46    0.57    0.87   -51.38
                  (    0.03,     0.00)    0.00      0.00    0.00    0.00     0.00
 g  : sersic    : (  510.95,   389.34)   17.15      6.41    0.59    0.87   -51.38
                  (    0.03,     0.00)    0.00      0.00    0.00    0.00     0.00
 J0515: sersic    : (  510.95,   389.34)   16.91      6.38    0.60    0.87   -51.38
                  (    0.03,     0.00)    0.00      0.00    0.00    0.00     0.00
 r  : sersic    : (  510.95,   389.34)   16.95      6.26    0.65    0.87   -51.38
                  (    0.03,     0.00)    0.00      0.00    0.00    0.00     0.00
 J0660: sersic    : (  510.95,   389.34)   17.01      6.22    0.66    0.87   -51.38
                  (    0.03,     0.00)    0.00      0.00    0.00    0.00     0.00
 i  : sersic    : (  510.95,   389.34)   16.87      6.11    0.71    0.87   -51.38
                  (    0.03,     0.00)    0.00      0.00    0.00    0.00     0.00
 J0861: sersic    : (  510.95,   389.34)   16.87      6.02    0.75    0.87   -51.38
                  (    0.03,     0.00)    0.00      0.00    0.00    0.00     0.00
 z  : sersic    : (  510.95,   389.34)   16.84      6.00    0.75    0.87   -51.38
                  (    0.03,     0.00)    0.00      0.00    0.00    0.00     0.00
 u  : sersic    : (  514.49,   476.90)   19.56      2.37    0.94    0.90    -4.79
                  (    0.03,     0.00)    0.00      0.00    0.00    0.00     0.00
 J0378: sersic    : (  514.49,   476.90)   19.43      2.36    0.94    0.90    -4.79
                  (    0.03,     0.00)    0.00      0.00    0.00    0.00     0.00
 J0395: sersic    : (  514.49,   476.90)   19.46      2.36    0.94    0.90    -4.79
                  (    0.03,     0.00)    0.00      0.00    0.00    0.00     0.00
 J0410: sersic    : (  514.49,   476.90)   19.32      2.36    0.94    0.90    -4.79
                  (    0.03,     0.00)    0.00      0.00    0.00    0.00     0.00
 J0430: sersic    : (  514.49,   476.90)   18.94      2.36    0.95    0.90    -4.79
                  (    0.03,     0.00)    0.00      0.00    0.00    0.00     0.00
 g  : sersic    : (  514.49,   476.90)   18.97      2.36    0.95    0.90    -4.79
                  (    0.03,     0.00)    0.00      0.00    0.00    0.00     0.00
 J0515: sersic    : (  514.49,   476.90)   18.69      2.36    0.96    0.90    -4.79
                  (    0.03,     0.00)    0.00      0.00    0.00    0.00     0.00
 r  : sersic    : (  514.49,   476.90)   18.57      2.36    0.97    0.90    -4.79
                  (    0.03,     0.00)    0.00      0.00    0.00    0.00     0.00
 J0660: sersic    : (  514.49,   476.90)   18.61      2.36    0.97    0.90    -4.79
                  (    0.03,     0.00)    0.00      0.00    0.00    0.00     0.00
 i  : sersic    : (  514.49,   476.90)   18.29      2.36    0.99    0.90    -4.79
                  (    0.03,     0.00)    0.00      0.00    0.00    0.00     0.00
 J0861: sersic    : (  514.49,   476.90)   18.25      2.35    1.00    0.90    -4.79
                  (    0.03,     0.00)    0.00      0.00    0.00    0.00     0.00
 z  : sersic    : (  514.49,   476.90)   18.27      2.35    1.00    0.90    -4.79
                  (    0.03,     0.00)    0.00      0.00    0.00    0.00     0.00
 u  : sky       : [400.50, 400.50]  5.79e-04  [0.00e+00]  [0.00e+00]
                                3.20e-02  [0.00e+00]  [0.00e+00]
 J0378: sky       : [400.50, 400.50]  -1.06e-04  [0.00e+00]  [0.00e+00]
                                3.20e-02  [0.00e+00]  [0.00e+00]
 J0395: sky       : [400.50, 400.50]  -4.06e-04  [0.00e+00]  [0.00e+00]
                                3.20e-02  [0.00e+00]  [0.00e+00]
 J0410: sky       : [400.50, 400.50]  -1.70e-03  [0.00e+00]  [0.00e+00]
                                3.20e-02  [0.00e+00]  [0.00e+00]
 J0430: sky       : [400.50, 400.50]  -3.14e-04  [0.00e+00]  [0.00e+00]
                                3.20e-02  [0.00e+00]  [0.00e+00]
 g  : sky       : [400.50, 400.50]  -3.65e-03  [0.00e+00]  [0.00e+00]
                                3.20e-02  [0.00e+00]  [0.00e+00]
 J0515: sky       : [400.50, 400.50]  1.83e-03  [0.00e+00]  [0.00e+00]
                                3.20e-02  [0.00e+00]  [0.00e+00]
 r  : sky       : [400.50, 400.50]  -2.29e-03  [0.00e+00]  [0.00e+00]
                                3.20e-02  [0.00e+00]  [0.00e+00]
 J0660: sky       : [400.50, 400.50]  7.48e-04  [0.00e+00]  [0.00e+00]
                                3.20e-02  [0.00e+00]  [0.00e+00]
 i  : sky       : [400.50, 400.50]  9.36e-04  [0.00e+00]  [0.00e+00]
                                3.20e-02  [0.00e+00]  [0.00e+00]
 J0861: sky       : [400.50, 400.50]  -2.03e-04  [0.00e+00]  [0.00e+00]
                                3.20e-02  [0.00e+00]  [0.00e+00]
 z  : sky       : [400.50, 400.50]  6.91e-03  [0.00e+00]  [0.00e+00]
                                3.20e-02  [0.00e+00]  [0.00e+00]
 Chi^2 = 8752393.15819,  ndof = 7439671
 Chi^2/nu = 1.176 

-----------------------------------------------------------------------------
-----------------------------------------------------------------------------

Input images    : Field_Img/235_SPLUS-s38s34_U.fits,Field_Img/235_SPLUS-s38s34_F378.fits,Field_Img/235_SPLUS-s38s34_F395.fits,Field_Img/235_SPLUS-s38s34_F410.fits,Field_Img/235_SPLUS-s38s34_F430.fits,Field_Img/235_SPLUS-s38s34_G.fits,Field_Img/235_SPLUS-s38s34_F515.fits,Field_Img/235_SPLUS-s38s34_R.fits,Field_Img/235_SPLUS-s38s34_F660.fits,Field_Img/235_SPLUS-s38s34_I.fits,Field_Img/235_SPLUS-s38s34_F861.fits,Field_Img/235_SPLUS-s38s34_Z.fits [1:800,1:800] 
Init. par. file : inputs/galfit_235_SPLUS-s38s34.input 
Restart file    : galfitm_235_SPLUS-s38s34.galfit.01 
Output image    : galfitm_235_SPLUS-s38s34.fits 

 u  : sersic    : (  440.95,   363.35)   18.08      4.81    2.22    0.70   -68.15
                  (    0.02,     0.00)    0.00      0.00    0.00    0.00     0.00
 J0378: sersic    : (  440.95,   363.35)   17.77      4.98    2.30    0.70   -68.15
                  (    0.02,     0.00)    0.00      0.00    0.00    0.00     0.00
 J0395: sersic    : (  440.95,   363.35)   17.62      5.11    2.35    0.70   -68.15
                  (    0.02,     0.00)    0.00      0.00    0.00    0.00     0.00
 J0410: sersic    : (  440.95,   363.35)   17.32      5.23    2.41    0.70   -68.15
                  (    0.02,     0.00)    0.00      0.00    0.00    0.00     0.00
 J0430: sersic    : (  440.95,   363.35)   17.14      5.38    2.47    0.70   -68.15
                  (    0.02,     0.00)    0.00      0.00    0.00    0.00     0.00
 g  : sersic    : (  440.95,   363.35)   17.03      5.72    2.63    0.70   -68.15
                  (    0.02,     0.00)    0.00      0.00    0.00    0.00     0.00
 J0515: sersic    : (  440.95,   363.35)   16.82      6.00    2.75    0.70   -68.15
                  (    0.02,     0.00)    0.00      0.00    0.00    0.00     0.00
 r  : sersic    : (  440.95,   363.35)   16.60      6.85    3.13    0.70   -68.15
                  (    0.02,     0.00)    0.00      0.00    0.00    0.00     0.00
 J0660: sersic    : (  440.95,   363.35)   16.55      7.11    3.25    0.70   -68.15
                  (    0.02,     0.00)    0.00      0.00    0.00    0.00     0.00
 i  : sersic    : (  440.95,   363.35)   16.29      7.92    3.61    0.70   -68.15
                  (    0.02,     0.00)    0.00      0.00    0.00    0.00     0.00
 J0861: sersic    : (  440.95,   363.35)   16.19      8.61    3.92    0.70   -68.15
                  (    0.02,     0.00)    0.00      0.00    0.00    0.00     0.00
 z  : sersic    : (  440.95,   363.35)   16.15      8.77    3.99    0.70   -68.15
                  (    0.02,     0.00)    0.00      0.00    0.00    0.00     0.00
 u  : sersic    : (  454.57,   411.52)   19.81      6.89    1.85    0.79   -77.02
                  (    0.02,     0.00)    0.00      0.00    0.00    0.00     0.00
 J0378: sersic    : (  454.57,   411.52)   19.87      6.78    1.84    0.79   -77.02
                  (    0.02,     0.00)    0.00      0.00    0.00    0.00     0.00
 J0395: sersic    : (  454.57,   411.52)   19.09      6.70    1.84    0.79   -77.02
                  (    0.02,     0.00)    0.00      0.00    0.00    0.00     0.00
 J0410: sersic    : (  454.57,   411.52)   18.88      6.63    1.83    0.79   -77.02
                  (    0.02,     0.00)    0.00      0.00    0.00    0.00     0.00
 J0430: sersic    : (  454.57,   411.52)   19.12      6.54    1.83    0.79   -77.02
                  (    0.02,     0.00)    0.00      0.00    0.00    0.00     0.00
 g  : sersic    : (  454.57,   411.52)   18.71      6.33    1.82    0.79   -77.02
                  (    0.02,     0.00)    0.00      0.00    0.00    0.00     0.00
 J0515: sersic    : (  454.57,   411.52)   18.48      6.16    1.81    0.79   -77.02
                  (    0.02,     0.00)    0.00      0.00    0.00    0.00     0.00
 r  : sersic    : (  454.57,   411.52)   18.64      5.65    1.78    0.79   -77.02
                  (    0.02,     0.00)    0.00      0.00    0.00    0.00     0.00
 J0660: sersic    : (  454.57,   411.52)   18.66      5.48    1.77    0.79   -77.02
                  (    0.02,     0.00)    0.00      0.00    0.00    0.00     0.00
 i  : sersic    : (  454.57,   411.52)   18.37      4.99    1.74    0.79   -77.02
                  (    0.02,     0.00)    0.00      0.00    0.00    0.00     0.00
 J0861: sersic    : (  454.57,   411.52)   18.53      4.57    1.72    0.79   -77.02
                  (    0.02,     0.00)    0.00      0.00    0.00    0.00     0.00
 z  : sersic    : (  454.57,   411.52)   18.66      4.47    1.71    0.79   -77.02
                  (    0.02,     0.00)    0.00      0.00    0.00    0.00     0.00
 u  : sersic    : (  265.89,   431.89)   16.39      9.00    1.35    0.38    64.91
                  (    0.02,     0.00)    0.00      0.00    0.00    0.00     0.00
 J0378: sersic    : (  265.89,   431.89)   16.11      9.00    1.34    0.38    64.91
                  (    0.02,     0.00)    0.00      0.00    0.00    0.00     0.00
 J0395: sersic    : (  265.89,   431.89)   15.78      9.00    1.33    0.38    64.91
                  (    0.02,     0.00)    0.00      0.00    0.00    0.00     0.00
 J0410: sersic    : (  265.89,   431.89)   15.79      9.00    1.32    0.38    64.91
                  (    0.02,     0.00)    0.00      0.00    0.00    0.00     0.00
 J0430: sersic    : (  265.89,   431.89)   15.66      9.00    1.31    0.38    64.91
                  (    0.02,     0.00)    0.00      0.00    0.00    0.00     0.00
 g  : sersic    : (  265.89,   431.89)   15.41      9.00    1.28    0.38    64.91
                  (    0.02,     0.00)    0.00      0.00    0.00    0.00     0.00
 J0515: sersic    : (  265.89,   431.89)   15.18      9.00    1.26    0.38    64.91
                  (    0.02,     0.00)    0.00      0.00    0.00    0.00     0.00
 r  : sersic    : (  265.89,   431.89)   14.82      9.00    1.21    0.38    64.91
                  (    0.02,     0.00)    0.00      0.00    0.00    0.00     0.00
 J0660: sersic    : (  265.89,   431.89)   14.83      9.00    1.19    0.38    64.91
                  (    0.02,     0.00)    0.00      0.00    0.00    0.00     0.00
 i  : sersic    : (  265.89,   431.89)   14.49      9.00    1.13    0.38    64.91
                  (    0.02,     0.00)    0.00      0.00    0.00    0.00     0.00
 J0861: sersic    : (  265.89,   431.89)   14.39      9.01    1.08    0.38    64.91
                  (    0.02,     0.00)    0.00      0.00    0.00    0.00     0.00
 z  : sersic    : (  265.89,   431.89)   14.33      9.01    1.07    0.38    64.91
                  (    0.02,     0.00)    0.00      0.00    0.00    0.00     0.00
 u  : sersic    : (  508.31,   420.96)   17.97      5.59    0.96    0.93     0.21
                  (    0.02,     0.00)    0.00      0.00    0.00    0.00     0.00
 J0378: sersic    : (  508.31,   420.96)   17.76      5.60    0.99    0.93     0.21
                  (    0.02,     0.00)    0.00      0.00    0.00    0.00     0.00
 J0395: sersic    : (  508.31,   420.96)   17.42      5.60    1.01    0.93     0.21
                  (    0.02,     0.00)    0.00      0.00    0.00    0.00     0.00
 J0410: sersic    : (  508.31,   420.96)   17.34      5.61    1.02    0.93     0.21
                  (    0.02,     0.00)    0.00      0.00    0.00    0.00     0.00
 J0430: sersic    : (  508.31,   420.96)   17.22      5.61    1.04    0.93     0.21
                  (    0.02,     0.00)    0.00      0.00    0.00    0.00     0.00
 g  : sersic    : (  508.31,   420.96)   17.03      5.63    1.09    0.93     0.21
                  (    0.02,     0.00)    0.00      0.00    0.00    0.00     0.00
 J0515: sersic    : (  508.31,   420.96)   16.89      5.64    1.13    0.93     0.21
                  (    0.02,     0.00)    0.00      0.00    0.00    0.00     0.00
 r  : sersic    : (  508.31,   420.96)   16.73      5.67    1.25    0.93     0.21
                  (    0.02,     0.00)    0.00      0.00    0.00    0.00     0.00
 J0660: sersic    : (  508.31,   420.96)   16.71      5.68    1.29    0.93     0.21
                  (    0.02,     0.00)    0.00      0.00    0.00    0.00     0.00
 i  : sersic    : (  508.31,   420.96)   16.46      5.72    1.40    0.93     0.21
                  (    0.02,     0.00)    0.00      0.00    0.00    0.00     0.00
 J0861: sersic    : (  508.31,   420.96)   16.49      5.74    1.50    0.93     0.21
                  (    0.02,     0.00)    0.00      0.00    0.00    0.00     0.00
 z  : sersic    : (  508.31,   420.96)   16.41      5.75    1.52    0.93     0.21
                  (    0.02,     0.00)    0.00      0.00    0.00    0.00     0.00
 u  : sersic    : (  327.49,   367.57)   17.59     16.02    5.27    0.63    12.34
                  (    0.02,     0.00)    0.00      0.00    0.00    0.00     0.00
 J0378: sersic    : (  327.49,   367.57)   17.17     16.03    5.28    0.63    12.34
                  (    0.02,     0.00)    0.00      0.00    0.00    0.00     0.00
 J0395: sersic    : (  327.49,   367.57)   17.12     16.04    5.30    0.63    12.34
                  (    0.02,     0.00)    0.00      0.00    0.00    0.00     0.00
 J0410: sersic    : (  327.49,   367.57)   17.11     16.05    5.31    0.63    12.34
                  (    0.02,     0.00)    0.00      0.00    0.00    0.00     0.00
 J0430: sersic    : (  327.49,   367.57)   16.29     16.06    5.32    0.63    12.34
                  (    0.02,     0.00)    0.00      0.00    0.00    0.00     0.00
 g  : sersic    : (  327.49,   367.57)   15.78     16.08    5.35    0.63    12.34
                  (    0.02,     0.00)    0.00      0.00    0.00    0.00     0.00
 J0515: sersic    : (  327.49,   367.57)   15.41     16.10    5.37    0.63    12.34
                  (    0.02,     0.00)    0.00      0.00    0.00    0.00     0.00
 r  : sersic    : (  327.49,   367.57)   14.91     16.16    5.45    0.63    12.34
                  (    0.02,     0.00)    0.00      0.00    0.00    0.00     0.00
 J0660: sersic    : (  327.49,   367.57)   14.83     16.17    5.47    0.63    12.34
                  (    0.02,     0.00)    0.00      0.00    0.00    0.00     0.00
 i  : sersic    : (  327.49,   367.57)   14.48     16.23    5.55    0.63    12.34
                  (    0.02,     0.00)    0.00      0.00    0.00    0.00     0.00
 J0861: sersic    : (  327.49,   367.57)   14.26     16.28    5.61    0.63    12.34
                  (    0.02,     0.00)    0.00      0.00    0.00    0.00     0.00
 z  : sersic    : (  327.49,   367.57)   14.22     16.29    5.62    0.63    12.34
                  (    0.02,     0.00)    0.00      0.00    0.00    0.00     0.00
 u  : sky       : [400.50, 400.50]  6.39e-04  [0.00e+00]  [0.00e+00]
                                1.60e-02  [0.00e+00]  [0.00e+00]
 J0378: sky       : [400.50, 400.50]  3.20e-04  [0.00e+00]  [0.00e+00]
                                1.60e-02  [0.00e+00]  [0.00e+00]
 J0395: sky       : [400.50, 400.50]  1.33e-03  [0.00e+00]  [0.00e+00]
                                1.60e-02  [0.00e+00]  [0.00e+00]
 J0410: sky       : [400.50, 400.50]  -2.61e-04  [0.00e+00]  [0.00e+00]
                                1.60e-02  [0.00e+00]  [0.00e+00]
 J0430: sky       : [400.50, 400.50]  -5.71e-04  [0.00e+00]  [0.00e+00]
                                1.60e-02  [0.00e+00]  [0.00e+00]
 g  : sky       : [400.50, 400.50]  4.49e-03  [0.00e+00]  [0.00e+00]
                                1.60e-02  [0.00e+00]  [0.00e+00]
 J0515: sky       : [400.50, 400.50]  7.14e-04  [0.00e+00]  [0.00e+00]
                                1.60e-02  [0.00e+00]  [0.00e+00]
 r  : sky       : [400.50, 400.50]  8.13e-03  [0.00e+00]  [0.00e+00]
                                1.60e-02  [0.00e+00]  [0.00e+00]
 J0660: sky       : [400.50, 400.50]  1.67e-03  [0.00e+00]  [0.00e+00]
                                1.60e-02  [0.00e+00]  [0.00e+00]
 i  : sky       : [400.50, 400.50]  7.74e-03  [0.00e+00]  [0.00e+00]
                                1.60e-02  [0.00e+00]  [0.00e+00]
 J0861: sky       : [400.50, 400.50]  1.20e-03  [0.00e+00]  [0.00e+00]
                                1.60e-02  [0.00e+00]  [0.00e+00]
 z  : sky       : [400.50, 400.50]  1.08e-02  [0.00e+00]  [0.00e+00]
                                1.60e-02  [0.00e+00]  [0.00e+00]
 Chi^2 = 9214068.24381,  ndof = 7530883
 Chi^2/nu = 1.224 

-----------------------------------------------------------------------------
-----------------------------------------------------------------------------

Input images    : Field_Img/Grupo_20/20_STRIPE82-0019_U.fits,Field_Img/Grupo_20/20_STRIPE82-0019_F378.fits,Field_Img/Grupo_20/20_STRIPE82-0019_F395.fits,Field_Img/Grupo_20/20_STRIPE82-0019_F410.fits,Field_Img/Grupo_20/20_STRIPE82-0019_F430.fits,Field_Img/Grupo_20/20_STRIPE82-0019_G.fits,Field_Img/Grupo_20/20_STRIPE82-0019_F515.fits,Field_Img/Grupo_20/20_STRIPE82-0019_R.fits,Field_Img/Grupo_20/20_STRIPE82-0019_F660.fits,Field_Img/Grupo_20/20_STRIPE82-0019_I.fits,Field_Img/Grupo_20/20_STRIPE82-0019_F861.fits,Field_Img/Grupo_20/20_STRIPE82-0019_Z.fits [1:800,1:800] 
Init. par. file : inputs/galfit_20_STRIPE82-0019.input 
Restart file    : galfitm_20_STRIPE82-0019.galfit.01 
Output image    : galfitm_20_STRIPE82-0019.fits 

 u  : sersic    : (  392.43,   321.52)   19.29      6.16    0.93    0.67   -67.27
                  (    0.03,     0.00)    0.00      0.00    0.00    0.00     0.00
 J0378: sersic    : (  392.43,   321.52)   19.14      6.08    0.95    0.67   -67.27
                  (    0.03,     0.00)    0.00      0.00    0.00    0.00     0.00
 J0395: sersic    : (  392.43,   321.52)   19.21      6.02    0.96    0.67   -67.27
                  (    0.03,     0.00)    0.00      0.00    0.00    0.00     0.00
 J0410: sersic    : (  392.43,   321.52)   18.90      5.97    0.97    0.67   -67.27
                  (    0.03,     0.00)    0.00      0.00    0.00    0.00     0.00
 J0430: sersic    : (  392.43,   321.52)   18.58      5.91    0.98    0.67   -67.27
                  (    0.03,     0.00)    0.00      0.00    0.00    0.00     0.00
 g  : sersic    : (  392.43,   321.52)   18.24      5.75    1.02    0.67   -67.27
                  (    0.03,     0.00)    0.00      0.00    0.00    0.00     0.00
 J0515: sersic    : (  392.43,   321.52)   18.07      5.63    1.05    0.67   -67.27
                  (    0.03,     0.00)    0.00      0.00    0.00    0.00     0.00
 r  : sersic    : (  392.43,   321.52)   17.78      5.25    1.13    0.67   -67.27
                  (    0.03,     0.00)    0.00      0.00    0.00    0.00     0.00
 J0660: sersic    : (  392.43,   321.52)   17.68      5.13    1.16    0.67   -67.27
                  (    0.03,     0.00)    0.00      0.00    0.00    0.00     0.00
 i  : sersic    : (  392.43,   321.52)   17.51      4.78    1.24    0.67   -67.27
                  (    0.03,     0.00)    0.00      0.00    0.00    0.00     0.00
 J0861: sersic    : (  392.43,   321.52)   17.52      4.47    1.31    0.67   -67.27
                  (    0.03,     0.00)    0.00      0.00    0.00    0.00     0.00
 z  : sersic    : (  392.43,   321.52)   17.45      4.40    1.32    0.67   -67.27
                  (    0.03,     0.00)    0.00      0.00    0.00    0.00     0.00
 u  : sersic    : (  414.73,   447.11)   21.16      0.94    0.20    0.37    11.46
                  (    0.03,     0.00)    0.00      0.00    0.00    0.00     0.00
 J0378: sersic    : (  414.73,   447.11)   20.85      0.95    0.28    0.37    11.46
                  (    0.03,     0.00)    0.00      0.00    0.00    0.00     0.00
 J0395: sersic    : (  414.73,   447.11)   21.08      0.96    0.34    0.37    11.46
                  (    0.03,     0.00)    0.00      0.00    0.00    0.00     0.00
 J0410: sersic    : (  414.73,   447.11)   20.45      0.97    0.39    0.37    11.46
                  (    0.03,     0.00)    0.00      0.00    0.00    0.00     0.00
 J0430: sersic    : (  414.73,   447.11)   20.19      0.99    0.46    0.37    11.46
                  (    0.03,     0.00)    0.00      0.00    0.00    0.00     0.00
 g  : sersic    : (  414.73,   447.11)   20.07      1.02    0.62    0.37    11.46
                  (    0.03,     0.00)    0.00      0.00    0.00    0.00     0.00
 J0515: sersic    : (  414.73,   447.11)   19.71      1.04    0.75    0.37    11.46
                  (    0.03,     0.00)    0.00      0.00    0.00    0.00     0.00
 r  : sersic    : (  414.73,   447.11)   19.61      1.12    1.13    0.37    11.46
                  (    0.03,     0.00)    0.00      0.00    0.00    0.00     0.00
 J0660: sersic    : (  414.73,   447.11)   19.73      1.14    1.25    0.37    11.46
                  (    0.03,     0.00)    0.00      0.00    0.00    0.00     0.00
 i  : sersic    : (  414.73,   447.11)   19.56      1.22    1.61    0.37    11.46
                  (    0.03,     0.00)    0.00      0.00    0.00    0.00     0.00
 J0861: sersic    : (  414.73,   447.11)   19.36      1.28    1.92    0.37    11.46
                  (    0.03,     0.00)    0.00      0.00    0.00    0.00     0.00
 z  : sersic    : (  414.73,   447.11)   19.31      1.29    2.00    0.37    11.46
                  (    0.03,     0.00)    0.00      0.00    0.00    0.00     0.00
 u  : sersic    : (  430.71,   388.03)   18.15     16.49    0.55    0.23   -23.34
                  (    0.03,     0.00)    0.00      0.00    0.00    0.00     0.00
 J0378: sersic    : (  430.71,   388.03)   17.90     16.38    0.58    0.23   -23.34
                  (    0.03,     0.00)    0.00      0.00    0.00    0.00     0.00
 J0395: sersic    : (  430.71,   388.03)   17.91     16.30    0.60    0.23   -23.34
                  (    0.03,     0.00)    0.00      0.00    0.00    0.00     0.00
 J0410: sersic    : (  430.71,   388.03)   17.16     16.23    0.62    0.23   -23.34
                  (    0.03,     0.00)    0.00      0.00    0.00    0.00     0.00
 J0430: sersic    : (  430.71,   388.03)   17.04     16.14    0.65    0.23   -23.34
                  (    0.03,     0.00)    0.00      0.00    0.00    0.00     0.00
 g  : sersic    : (  430.71,   388.03)   16.71     15.93    0.72    0.23   -23.34
                  (    0.03,     0.00)    0.00      0.00    0.00    0.00     0.00
 J0515: sersic    : (  430.71,   388.03)   16.45     15.76    0.77    0.23   -23.34
                  (    0.03,     0.00)    0.00      0.00    0.00    0.00     0.00
 r  : sersic    : (  430.71,   388.03)   16.01     15.24    0.93    0.23   -23.34
                  (    0.03,     0.00)    0.00      0.00    0.00    0.00     0.00
 J0660: sersic    : (  430.71,   388.03)   15.95     15.08    0.98    0.23   -23.34
                  (    0.03,     0.00)    0.00      0.00    0.00    0.00     0.00
 i  : sersic    : (  430.71,   388.03)   15.64     14.59    1.13    0.23   -23.34
                  (    0.03,     0.00)    0.00      0.00    0.00    0.00     0.00
 J0861: sersic    : (  430.71,   388.03)   15.47     14.17    1.26    0.23   -23.34
                  (    0.03,     0.00)    0.00      0.00    0.00    0.00     0.00
 z  : sersic    : (  430.71,   388.03)   15.38     14.07    1.29    0.23   -23.34
                  (    0.03,     0.00)    0.00      0.00    0.00    0.00     0.00
 u  : sersic    : (  359.48,   439.60)   18.87      7.62    0.83    0.26    78.06
                  (    0.03,     0.00)    0.00      0.00    0.00    0.00     0.00
 J0378: sersic    : (  359.48,   439.60)   18.78      7.57    0.84    0.26    78.06
                  (    0.03,     0.00)    0.00      0.00    0.00    0.00     0.00
 J0395: sersic    : (  359.48,   439.60)   18.60      7.54    0.86    0.26    78.06
                  (    0.03,     0.00)    0.00      0.00    0.00    0.00     0.00
 J0410: sersic    : (  359.48,   439.60)   18.11      7.51    0.87    0.26    78.06
                  (    0.03,     0.00)    0.00      0.00    0.00    0.00     0.00
 J0430: sersic    : (  359.48,   439.60)   17.92      7.47    0.89    0.26    78.06
                  (    0.03,     0.00)    0.00      0.00    0.00    0.00     0.00
 g  : sersic    : (  359.48,   439.60)   17.61      7.38    0.93    0.26    78.06
                  (    0.03,     0.00)    0.00      0.00    0.00    0.00     0.00
 J0515: sersic    : (  359.48,   439.60)   17.41      7.30    0.96    0.26    78.06
                  (    0.03,     0.00)    0.00      0.00    0.00    0.00     0.00
 r  : sersic    : (  359.48,   439.60)   16.97      7.08    1.05    0.26    78.06
                  (    0.03,     0.00)    0.00      0.00    0.00    0.00     0.00
 J0660: sersic    : (  359.48,   439.60)   16.94      7.01    1.08    0.26    78.06
                  (    0.03,     0.00)    0.00      0.00    0.00    0.00     0.00
 i  : sersic    : (  359.48,   439.60)   16.66      6.80    1.17    0.26    78.06
                  (    0.03,     0.00)    0.00      0.00    0.00    0.00     0.00
 J0861: sersic    : (  359.48,   439.60)   16.56      6.62    1.25    0.26    78.06
                  (    0.03,     0.00)    0.00      0.00    0.00    0.00     0.00
 z  : sersic    : (  359.48,   439.60)   16.48      6.57    1.27    0.26    78.06
                  (    0.03,     0.00)    0.00      0.00    0.00    0.00     0.00
 u  : sky       : [400.50, 400.50]  -6.31e-04  [0.00e+00]  [0.00e+00]
                                3.24e-02  [0.00e+00]  [0.00e+00]
 J0378: sky       : [400.50, 400.50]  1.38e-04  [0.00e+00]  [0.00e+00]
                                3.24e-02  [0.00e+00]  [0.00e+00]
 J0395: sky       : [400.50, 400.50]  1.35e-03  [0.00e+00]  [0.00e+00]
                                3.24e-02  [0.00e+00]  [0.00e+00]
 J0410: sky       : [400.50, 400.50]  -1.90e-03  [0.00e+00]  [0.00e+00]
                                3.24e-02  [0.00e+00]  [0.00e+00]
 J0430: sky       : [400.50, 400.50]  7.72e-03  [0.00e+00]  [0.00e+00]
                                3.24e-02  [0.00e+00]  [0.00e+00]
 g  : sky       : [400.50, 400.50]  2.11e-02  [0.00e+00]  [0.00e+00]
                                3.24e-02  [0.00e+00]  [0.00e+00]
 J0515: sky       : [400.50, 400.50]  6.94e-03  [0.00e+00]  [0.00e+00]
                                3.24e-02  [0.00e+00]  [0.00e+00]
 r  : sky       : [400.50, 400.50]  2.89e-02  [0.00e+00]  [0.00e+00]
                                3.24e-02  [0.00e+00]  [0.00e+00]
 J0660: sky       : [400.50, 400.50]  4.44e-03  [0.00e+00]  [0.00e+00]
                                3.24e-02  [0.00e+00]  [0.00e+00]
 i  : sky       : [400.50, 400.50]  4.85e-02  [0.00e+00]  [0.00e+00]
                                3.24e-02  [0.00e+00]  [0.00e+00]
 J0861: sky       : [400.50, 400.50]  6.46e-03  [0.00e+00]  [0.00e+00]
                                3.24e-02  [0.00e+00]  [0.00e+00]
 z  : sky       : [400.50, 400.50]  3.14e-02  [0.00e+00]  [0.00e+00]
                                3.24e-02  [0.00e+00]  [0.00e+00]
 Chi^2 = 8621633.34729,  ndof = 7336251
 Chi^2/nu = 1.175 

-----------------------------------------------------------------------------
